4.43391561508
5.04759028554
3.27297091484
3.02992030978
2.37129330635
1.9102498889
1.99035108089
1.88875347376
2.06956267357
3.09914663434
3.12782853842
3.08157354593
3.13479229808
3.10436218977
3.13535109162
3.19833695889
3.09467285872
4.29173007607
7.36734628677
6.03929102421
7.12188184261
5.58917626739
5.77574327588
5.69233104587
5.46065226197
5.54693818092
5.90834349394
5.81967562437
6.33903369308
6.93136021495
7.26662307978
7.21197292209
6.99732080102
6.74506813288
3.5950165987
2.2582218051
2.78186246753
4.36557620764
4.36516806483
4.38646867871
3.90708312392
4.04556855559
4.39325228333
4.32834640145
4.24612119794
4.13829788566
4.32359114289
4.17407184839
4.37011033297
3.87993067503
3.95843192935
4.65265601873
4.87767726183
4.75891381502
4.88756746054
6.13665312529
7.35327377915
7.8135548532
7.95288562775
6.97835952044
7.40720644593
5.61810031533
6.0375508666
5.54233461618
5.61136960983
5.73933839798
5.58416306973
5.79864904284
5.40576592088
5.51689341664
5.53484290838
5.49212798476
5.48551380634
5.57047843933
5.53136482835
5.56099250913
5.58079019189
5.90708196163
5.74863761663
5.66217198968
5.83477839828
5.8425796032
5.73066428304
5.90847983956
5.75004160404
5.66958114505
5.64754888415
5.83833351731
5.8407856524
5.65429642797
5.85150241852
5.93622609973
5.61356082559
5.71629628539
5.61703905463
5.66999167204
5.55270850658
5.68068295717
5.73682337999
5.47530606389
5.77933073044
5.56836694479
5.76983898878
5.62407210469
5.60927852988
5.56143283844
5.74688404799
5.54887413979
5.78344792128
5.75107306242
5.55955410004
5.72691172361
5.51132962108
5.48930197954
5.48773914576
5.5474974215
5.56020468473
5.56183516979
5.46558186412
5.70042639971
5.37031069398
5.95386564732
5.45742928982
5.39717003703
5.47244951129
5.5639706552
5.40737852454
6.00851804018
0.919967889786
0.878545641899
1.0520401597
4.58014532924
4.25422564149
5.18752962351
5.29954239726
2.56909772754
2.46298223734
3.04053649306
2.78805136681
2.76351317763
1.91908195615
2.37875014544
2.6931630075
2.16651543975
2.56407499313
2.69898042083
3.10230731964
2.58896097541
2.98118785024
2.82763242722
3.15273165703
2.73129031062
2.74101302028
3.3266313374
3.08678746223
3.38581904769
3.14696669579
3.20015773177
3.10120895505
3.32512378693
3.43808323145
3.47944423556
3.45721840858
3.31032305956
3.36826756597
3.45236048102
3.45707014203
3.45855891705
3.75390738249
3.62524867058
3.22467774153
3.58824148774
3.45975995064
3.6299943924
3.83731111884
3.63445967436
3.84473398328
3.73261377215
3.53717073798
3.54609727859
4.07303601503
4.1392198205
4.84026268125
6.50807276368
5.44058442116
5.85263714194
5.40104925632
6.00634813309
5.89902728796
3.99089336395
2.43962153792
1.78766444325
1.79745450616
1.58030465245
1.4865539968
1.59548059106
1.37704059482
1.40048757195
1.38621047139
1.50275245309
1.50191038847
1.43325671554
1.3910600543
1.54921367764
1.5266828239
1.52910888195
1.59386202693
1.59936338663
1.4901855588
1.56997293234
1.55300676823
1.6801391542
1.72004848719
1.62948355079
1.75344973803
1.62652075291
1.61649256945
1.76576524973
1.76051393151
1.74101695418
1.75741717219
1.82346105576
1.70457214117
1.90148636699
1.88995927572
1.81287124753
1.79691523314
1.90535187721
1.8726977706
1.9801107049
1.98718339205
1.94193229079
1.95770159364
2.00251579285
1.87682569027
2.01016247272
1.99850261211
2.1454115212
2.04651415348
2.08337754011
2.17547148466
2.1819446981
2.9167534411
3.1041072309
3.84987160563
4.88164722919
5.50442889333
5.49349591136
5.52508622408
5.60818254948
5.52610293031
5.63063785434
5.6024672091
5.66758573055
5.64091071486
5.53279072046
5.39738848805
5.51357999444
5.36437034607
5.41855752468
5.30265763402
5.26715427637
4.81187969446
4.67148736119
4.79413598776
4.74925100803
4.98756736517
5.07190927863
5.04755109549
5.72053819895
6.96781039238
6.30870506167
7.30713412166
5.90508133173
4.14531186223
4.48879778385
4.32681977749
3.8303732872
4.17828634381
3.66026118398
3.72352287173
4.10092890263
3.6627471447
3.44265207648
3.28019246459
3.21052208543
3.30752283335
3.5447306931
3.4416782856
3.66498351097
3.48077133298
3.63693743944
3.69991868734
3.79181101918
3.61974790692
3.53364467621
3.91948089004
3.92830088735
3.81765067577
3.79284232855
3.63260909915
3.8183106482
3.89418184757
3.93020033836
3.72342437506
3.80512043834
3.77712756395
4.00768205523
3.99901673198
4.0003336966
4.08819124103
4.20646637678
4.07277911901
4.08953785896
4.28818017244
4.14148762822
4.24350246787
4.16371226311
4.3140861392
4.23154652119
4.19541805983
4.28773149848
4.20309498906
4.61375296116
4.83434095979
4.6559470892
4.79034408927
4.84782770276
4.84121203423
4.70712289214
4.81918275356
4.86165598035
4.72272872925
4.80095937848
4.80614811182
4.68668848276
4.83382299542
4.8404237628
4.93139609694
4.92038697004
4.9021461606
4.97201889753
5.03644600511
4.96721357107
4.9449788034
5.04174754024
4.96651038527
5.09537935257
5.15881225467
4.99027341604
5.17836228013
5.23292183876
5.22435128689
5.18118619919
5.10709255934
5.11535465717
5.37317752838
5.33535182476
5.41657954454
5.36737784743
5.33542320132
5.41570290923
5.55267110467
5.6696587801
5.53455263376
5.42737916112
5.62202766538
5.67835599184
5.83420231938
5.95758974552
5.73154896498
5.78635841608
5.79115822911
5.75595334172
5.95859050751
5.94937622547
5.93149647117
6.00736156106
6.05976387858
6.10483154655
5.8999247849
6.03923156857
6.01780101657
6.2331238389
6.3409653306
6.17580384016
6.3715814054
6.37898430228
6.32908791304
6.33648052812
6.37704923749
6.41412481666
6.57990008593
6.49631336331
6.53188452125
6.58802762628
6.61268010736
6.36349692941
6.61351263523
6.6365018487
6.60388067365
6.65074840188
6.75365522504
6.67109280825
6.80744737387
6.79119005799
6.83654054999
6.75876960158
6.86067298055
6.91846638918
6.96105182171
6.91854134202
6.97951719165
7.03568264842
6.95355221629
6.97608947754
6.94824010134
6.94483339787
7.6755322516
7.55199953914
7.32788652182
7.4106259644
7.32525095344
7.39383161068
7.33177468181
7.41687998176
7.44718581438
7.45208770037
7.54032835364
7.44426801801
7.55474954844
7.56906360388
7.50946119428
7.51481965184
7.51706063747
7.58525818586
7.56599053741
7.51165300608
7.57320225239
7.61632636189
7.49845355749
7.61588051915
7.67030358315
7.78140366077
7.64145240188
7.63419508934
7.73811519146
7.68780261278
7.58735701442
7.62948840857
7.64922335744
7.6639200747
7.64531940222
7.63426601887
7.54588663578
7.62518763542
7.5793582201
7.62602344155
7.46781662107
7.55709260702
7.50848963857
7.44810372591
7.49909207225
7.37963929772
7.28972613811
7.3630079627
7.42886096239
7.30126067996
7.50284612179
7.2018763423
7.33667761087
7.28538006544
7.25594028831
7.36351087689
7.28207051754
7.16105729342
7.1597135067
7.14054301381
7.25893139839
7.20980748534
7.12610900402
7.14024052024
7.13575720787
7.09758535028
7.10465997458
7.15301185846
7.08015441895
7.03238844872
7.06802085042
7.03802168369
7.07016512752
7.04730957747
7.0916827023
7.03885629773
7.03753829002
7.06149548292
7.00253114104
7.02180847526
7.05679640174
7.02955454588
7.01537340879
7.03064098954
7.00966253877
7.01359927654
7.00219020247
6.950019449
6.98302134871
6.97544798255
6.95029869676
6.97697967291
6.93219274282
6.9305357337
6.94646045566
6.94879412651
6.91291585565
6.91336989403
6.88155740499
6.88851296902
6.85505002737
6.88392609358
6.89001604915
6.83509483933
6.78934618831
6.85806572437
6.81596308947
6.81767523289
6.78711265326
6.78977623582
6.75782978535
6.70188441873
6.69651836157
6.72611564398
6.71215757728
6.69612452388
6.68043747544
6.71464011073
6.67311683297
6.64771333337
6.65109083056
6.64425522089
6.61307886243
6.56707391143
6.61160320044
6.54356002808
6.6100294888
6.56151801348
6.47632539272
6.5047313273
6.50891795754
6.50815248489
6.46245956421
6.45133376122
6.41948729753
6.43040925264
6.41038268805
6.37434065342
6.41773506999
6.33462548256
6.41511514783
6.34751886129
6.29034891725
6.29070743918
6.31049349904
6.23039424419
6.24017700553
6.23282015324
6.20818555355
6.18262007833
6.19985029101
6.20264291763
6.19774907827
6.34818702936
6.25481650233
6.15720465779
6.25179305673
6.17542892694
6.06669336557
6.02178037167
6.09903752804
6.02714240551
6.02201029658
5.91226756573
5.99816486239
6.02750569582
6.11271709204
5.87225317955
5.95806673169
5.93804553151
5.79422578216
5.998660326
5.94349905849
5.68234607577
5.68919658661
5.758048594
5.71094021201
5.56529894471
5.60213044286
5.65833419561
5.73047995567
5.59285476804
5.48684179783
5.44859156013
5.5068358779
5.37691995502
5.45550182462
5.51789522171
5.25295168161
5.52445828915
5.25761455297
5.33065155149
5.48746168613
5.23956149817
5.29429107904
5.2105563879
5.02589166164
5.09497880936
4.97881382704
5.00531002879
5.00414520502
4.95944857597
5.05720064044
4.88735571504
4.85573038459
5.01495301723
4.76829513907
4.82612639666
4.85904440284
4.75139990449
4.85753789544
4.9322244525
4.71190929413
4.68806549907
4.73879188299
4.80116963387
4.5673187077
4.54542994499
4.52815800905
4.47189822793
4.51561287045
4.58157882094
4.54526409507
4.43768456578
4.40832450986
4.32065844536
4.37883466482
4.27600905299
4.27439406514
4.13576245308
4.24877926707
4.11783605814
4.20881792903
4.09996658564
4.04380977154
4.06554952264
4.06601577997
4.03599649668
4.10190194845
3.91388893127
3.92055928707
3.83809760213
4.01908665895
3.91879096627
3.82458999753
3.6762739718
3.64145770669
3.7047855556
3.65387484431
3.60579639673
3.53288695216
3.52452501655
3.52290645242
3.53115901351
3.51223558187
3.46561983228
3.46729114652
3.42651352286
3.4497281909
3.35985407233
3.37001249194
3.37110117078
3.23168486357
3.3475291729
3.27692404389
3.28639522195
3.25472384691
3.26300993562
3.20605307817
3.18088427186
3.15886884928
3.13986971974
3.12575235963
3.07733297348
3.04205298424
3.01909849048
3.03009495139
2.95548632741
2.95584380627
3.02144736052
2.86043420434
2.78543055058
2.94313594699
2.91405782104
2.8574205935
2.76602476835
2.76085019112
2.75753766298
2.71268308163
2.62463346124
2.75275379419
2.71381080151
2.59041413665
2.60770007968
2.56597399712
2.626106143
2.54309669137
2.51341238618
2.48748227954
2.47356489301
2.4379324913
2.44890272617
2.34454333782
2.4185577035
2.33619391918
2.29201942682
2.32619017363
2.30646952987
2.12941274047
2.17701911926
2.16358423233
2.16591089964
2.14116632938
2.091358006
2.12603449821
2.07297131419
2.09566667676
1.96603536606
2.02053412795
2.02342987061
1.97769880295
1.89078122377
1.83221027255
1.8502804637
1.77596315742
1.86236336827
1.80268839002
1.77615448833
1.72119960189
1.77697762847
1.7135719955
1.6401399672
1.58982947469
1.61144316196
1.57419681549
1.54644489288
1.50406658649
1.56365260482
1.51134431362
1.46120339632
1.50528252125
1.45911127329
1.45761668682
1.46482735872
1.47847831249
1.40621513128
1.44431293011
1.40032023191
1.38833671808
1.3804256916
1.39402151108
1.36661231518
1.36718153954
1.32764875889
1.32690966129
1.32943540812
1.32323503494
1.30403935909
1.30672007799
1.26818716526
1.27590298653
1.26273483038
1.27191394567
1.24901980162
1.22498124838
1.20079964399
1.21645778418
1.20520293713
1.19206607342
1.18523836136
1.16225033998
1.15752965212
1.14888101816
1.16440355778
1.15227550268
1.14151090384
1.11959576607
1.14395320415
1.12704187632
1.11592710018
1.11067444086
1.130618155
1.11239701509
1.10028386116
1.09894126654
1.08883082867
1.09138041735
1.10552608967
1.0814383626
1.10613703728
1.08918100595
1.08761936426
1.07300579548
1.06415003538
1.09189152718
1.10476016998
1.069226861
1.09958648682
1.08327120543
1.05532854795
1.08923017979
1.09214484692
1.0802641511
1.0658711195
1.08824670315
1.07681155205
1.0764837265
1.05819553137
1.05742514133
1.07298642397
1.09047591686
1.09000504017
1.04888677597
1.06849819422
1.05133652687
1.0694667697
1.06624960899
1.06616765261
1.06450915337
1.04950666428
1.04637593031
1.07392966747
1.06847286224
1.04404687881
1.04262679815
1.07127130032
1.06809437275
1.04712992907
1.05323195457
1.06554925442
1.06770098209
1.06342434883
1.05251669884
1.06315910816
1.03348493576
1.03882551193
1.01710259914
1.04487985373
1.02974027395
1.04637742043
1.05239599943
1.02709978819
1.05519294739
1.05318576097
1.04129314423
1.05383992195
1.05124562979
1.02878510952
1.01929605007
1.02415084839
1.06999874115
1.03974640369
1.04551613331
1.04731470346
1.04928910732
1.027110219
1.02913230658
1.03552043438
1.01047605276
1.05718076229
1.03238523006
1.05800628662
1.0456636548
1.05409026146
1.02934390306
1.02926045656
1.03489309549
1.05511844158
1.04389190674
1.02892667055
1.02892667055
0.999923050404
1.04322582483
1.02892667055
1.01805776358
1.02094560862
1.04345679283
1.02892667055
1.01805776358
1.01499408484
1.01499408484
1.04245394468
1.06378942728
1.04371160269
1.02892667055
1.03268325329
1.02892667055
1.0372325778
1.05511844158
1.02572739124
1.04245394468
1.02892667055
1.01499408484
1.02892667055
1.02057009935
1.04245394468
1.03268325329
1.02892667055
1.02697461843
1.01499408484
1.01499408484
1.04245394468
1.04879587889
1.00706666708
1.01499408484
1.04245394468
1.0108590126
1.02094560862
1.02892667055
1.02892667055
1.01499408484
1.02892667055
1.04991048574
1.04176998138
1.05511844158
1.03897154331
1.04452669621
1.03268325329
1.04371160269
1.04245394468
1.01499408484
1.01499408484
1.04245394468
1.02211683989
1.01499408484
1.02892667055
1.02094560862
1.02892667055
1.01499408484
1.01499408484
1.03268325329
1.02845132351
1.02892667055
1.01499408484
1.01499408484
1.04080289602
1.04991048574
1.02892667055
1.01194381714
1.01499408484
1.01499408484
1.04991048574
1.03897154331
1.00706666708
1.02892667055
1.02892667055
1.03217363358
1.03405714035
1.04245394468
1.01499408484
1.03268325329
1.01194381714
1.01499408484
1.03636533022
1.02892667055
1.03897154331
1.02892667055
1.03268325329
1.02066844702
1.04245394468
1.01499408484
1.01499408484
1.01499408484
1.01499408484
1.04991048574
1.01850926876
1.02892667055
1.02892667055
1.02892667055
1.02252364159
1.04371756315
1.03268325329
1.01805776358
1.02892667055
1.02892667055
1.02892667055
1.01499408484
1.02892667055
1.04991048574
1.01499408484
1.02211683989
0.999923050404
1.04245394468
1.01499408484
1.02892667055
1.01499408484
1.01499408484
1.02892667055
1.01499408484
1.04991048574
1.01499408484
1.04245394468
1.01499408484
1.02094560862
1.03268325329
1.02579891682
1.01499408484
1.04245394468
1.03498697281
1.03268325329
1.03045105934
1.03636533022
1.04245394468
1.03268325329
1.01499408484
1.01723521948
1.04245394468
1.02892667055
1.02892667055
1.01499408484
1.01499408484
1.02892667055
1.01499408484
1.02892667055
1.03636533022
0.753194093704
0.803144276142
0.808648765087
0.951859354973
0.951859354973
0.873085856438
0.939086079597
0.815770030022
0.808648765087
0.753194093704
0.951859354973
0.808648765087
0.753194093704
0.815770030022
0.808648765087
0.753194093704
0.846092402935
0.951859354973
0.808648765087
0.808648765087
0.872491300106
0.753194093704
0.951859354973
0.951859354973
0.998498499393
0.815770030022
0.753194093704
0.951859354973
0.951859354973
0.951859354973
0.945639610291
0.753194093704
0.919853150845
0.951859354973
0.967542827129
0.902247428894
0.945639610291
0.901059806347
0.815770030022
0.815770030022
0.965957343578
0.939086079597
0.725269317627
0.815770030022
0.753194093704
0.951859354973
0.753194093704
0.815770030022
0.951859354973
0.951859354973
0.753194093704
0.891749560833
0.951859354973
0.753194093704
0.725269317627
0.94009488821
0.753194093704
0.753194093704
0.959955155849
0.803144276142
0.951859354973
0.951859354973
0.869427621365
0.869159400463
0.993339717388
0.85077881813
0.896406173706
0.870010256767
0.900228321552
0.965957343578
0.951859354973
0.951859354973
0.815770030022
0.808648765087
0.951859354973
0.951859354973
0.951859354973
0.753194093704
0.790572166443
0.815770030022
0.951859354973
0.753194093704
0.951859354973
0.951859354973
0.872491300106
0.753194093704
0.951859354973
0.951859354973
4.19709801674
4.17804256082
4.1989685595
4.1592694819
4.19210076332
4.1223654151
4.1223654151
4.3129196763
4.16438102722
4.19709801674
4.1592694819
4.14934322238
4.19709801674
4.19585183263
4.17804256082
4.19709801674
4.1592694819
4.19709801674
4.1592694819
4.19585183263
4.1592694819
4.2034381628
4.1592694819
4.1592694819
4.17804256082
4.17804256082
4.1239951551
4.1592694819
4.12326753139
4.14934322238
4.12326753139
4.14842888713
4.19709801674
4.10956799984
4.19709801674
4.1592694819
4.19585183263
4.19585183263
4.1592694819
4.1592694819
8.61795157194
5.32059952617
5.1835924387
5.15594050288
5.15594050288
5.15594050288
5.13090372086
5.15594050288
5.15594050288
5.17403438687
5.13090372086
5.17403438687
5.17403438687
5.15270501375
5.15594050288
5.14895662665
5.17537161708
5.15270501375
5.1503315568
5.15594050288
5.15270501375
5.15270501375
5.15594050288
5.15270501375
5.15489727259
5.1590681076
5.16837731004
5.15594050288
5.17403438687
5.19254893064
5.15594050288
5.19254893064
5.15148565173
5.15594050288
5.14895662665
5.15594050288
5.15270501375
5.15594050288
5.15640541911
5.14590486884
5.17483621836
5.17403438687
5.14982819557
5.15106365085
5.17403438687
5.15594050288
5.14490902424
5.1503315568
5.15270501375
5.15594050288
5.17403438687
5.15594050288
5.15594050288
5.15270501375
5.15594050288
5.17932444811
5.15594050288
5.15594050288
5.17403438687
5.19254893064
5.17245694995
5.15594050288
5.17403438687
5.15594050288
5.15594050288
5.15594050288
5.14895662665
5.20386099815
5.15594050288
5.15383958817
5.15594050288
5.15270501375
5.1503315568
5.17403438687
5.17403438687
5.15270501375
5.17932444811
5.16174077988
5.17403438687
5.17403438687
5.17403438687
5.15594050288
5.20386099815
5.17403438687
5.17403438687
5.17403438687
5.17403438687
5.15594050288
5.15270501375
5.15594050288
5.17403438687
5.15270501375
5.17403438687
5.20386099815
5.19515275955
5.15594050288
5.17483621836
5.15594050288
5.17403438687
5.15690088272
5.17033994198
5.15594050288
5.15594050288
5.19254893064
5.15491917729
5.14677077532
5.16992345452
5.14859765768
5.15349924564
5.17033994198
5.20386099815
5.17403438687
5.15594050288
5.20386099815
5.17403438687
5.17403438687
5.15594050288
5.15594050288
5.15594050288
5.15594050288
5.15270501375
5.1503315568
5.17403438687
5.14826267958
5.17403438687
5.15148565173
5.12347906828
5.17403438687
5.15594050288
5.17403438687
5.17403438687
5.15270501375
5.17403438687
5.17919450998
5.17403438687
5.14490902424
5.13090372086
5.15594050288
5.20386099815
5.17403438687
5.15594050288
5.18178224564
5.18178224564
5.15353038907
5.12347906828
5.12347906828
5.20993664861
5.17403438687
5.15594050288
5.17403438687
5.17403438687
5.09817749262
4.1129887104
4.11586225033
4.11586225033
4.12204533815
4.12233859301
4.11586225033
4.11586225033
4.11518543959
4.11586225033
4.11586225033
4.12233859301
4.11586225033
4.11948189139
4.11586225033
4.11146908998
4.12233859301
4.12273272872
4.11518543959
4.12678062916
4.10935983062
4.12233859301
4.11571830511
4.12233859301
4.11586225033
4.11586225033
4.11586225033
4.11478534341
4.12535279989
4.11586225033
4.11586225033
4.11571830511
4.11663532257
4.12233859301
4.11885306239
4.11581069231
4.11518543959
4.11586225033
4.11586225033
4.11518543959
4.12277638912
4.11586225033
4.11478534341
4.11518543959
4.12120088935
4.12233859301
4.11586225033
4.11586225033
4.11518543959
4.11586225033
4.11586225033
4.11631152034
4.11586225033
4.11586225033
4.11586225033
4.12233859301
4.11518543959
4.12277638912
4.11518543959
4.11518543959
4.11518543959
4.12277638912
4.11518543959
4.11518543959
4.11586225033
4.11146908998
4.11518543959
4.12233859301
4.12233859301
4.12232875824
4.11196678877
4.11586225033
4.12233859301
4.11149814725
4.12233859301
4.11586225033
4.11518543959
4.12343412638
4.11948189139
4.12233859301
4.12495315075
4.11586225033
4.11518543959
4.11586225033
4.11700889468
4.11679968238
4.11994993687
4.12007823586
4.12041723728
4.11571830511
4.11763697863
4.11736160517
4.11518543959
4.11571830511
4.11586225033
4.11518543959
4.11586225033
4.11586225033
4.1118824482
4.11586225033
4.11518543959
4.11586225033
4.11948189139
4.12277638912
4.11679968238
4.11571830511
4.11586225033
4.11616027355
4.11586225033
4.12120088935
4.11586225033
4.11586225033
4.11618694663
4.10950899124
4.12232875824
4.12535279989
4.12233859301
4.11518543959
4.12343412638
4.11586225033
4.12233859301
4.11586225033
4.12120088935
4.11586225033
4.11518543959
4.11586225033
4.12233859301
4.12233859301
4.11586225033
4.11586225033
4.11700889468
4.12277638912
4.11618694663
4.11631152034
4.12343412638
4.11518543959
4.12273272872
4.12233859301
4.11586225033
4.11626666784
4.12277638912
4.12233859301
4.12624612451
4.24273908138
4.25497502089
4.23736035824
4.311055094
4.72119793296
4.72092881799
4.72092881799
4.71990525723
4.72119793296
4.72092881799
4.72811609507
4.72092881799
4.71990525723
4.71929803491
4.72119793296
4.72119793296
4.72092881799
4.72119793296
4.71990525723
4.72092881799
4.72811609507
4.72119793296
4.72119793296
4.72092881799
4.71802011132
4.72152858973
4.72152858973
4.73892986774
4.72119793296
4.72092881799
4.72119793296
4.72092881799
4.72217649221
4.72119793296
4.72092881799
4.26077693701
4.23716813326
4.12233859301
4.11518543959
4.11518543959
4.11586225033
4.11432430148
4.12277638912
4.11818027496
4.11586225033
4.11518543959
4.11146908998
4.11586225033
4.12120088935
4.11518543959
4.11432430148
4.11732375622
4.12273272872
4.12233859301
4.12233859301
4.11586225033
4.11518543959
4.11953389645
4.12407696247
4.11583080888
4.12233859301
4.12122175097
4.11586225033
4.11586225033
4.11586225033
4.12277638912
4.12233859301
4.11586225033
4.11700889468
4.11586225033
4.11364808679
4.11663532257
4.11518543959
4.11586225033
4.11586225033
4.12204533815
4.12233859301
4.11586225033
4.12425324321
4.11586225033
4.12233859301
4.11800011992
4.11586225033
4.12233859301
4.12215292454
4.11518543959
4.11586225033
4.11586225033
4.11631152034
4.11518543959
4.11518543959
4.11586225033
4.11586225033
4.11586225033
4.1166511178
4.12233859301
4.11586225033
4.11518543959
4.11518543959
4.11818027496
4.12277638912
4.11586225033
4.1118824482
4.11518543959
4.12120088935
4.12233859301
4.12233859301
4.10950899124
4.11679968238
4.11586225033
4.11586225033
4.11586225033
4.12152945995
4.11344885826
4.11518543959
4.11586225033
4.11586225033
4.11571830511
4.12277638912
4.11586225033
4.11586225033
4.11586225033
4.12027806044
4.11721110344
4.12665888667
4.11948189139
4.11518543959
4.12277638912
4.12233859301
4.11220937967
4.11586225033
4.12233859301
4.11518543959
4.11586225033
4.11631152034
4.11518543959
4.12122175097
4.11586225033
4.11586225033
4.11149814725
4.11518543959
4.11518543959
4.11518543959
4.12608146667
4.12365749478
4.11948189139
4.12311255932
4.11478534341
4.11600530148
4.11146908998
4.12608146667
4.11146908998
4.11146908998
4.12097766995
4.11679968238
4.12233859301
4.11586225033
4.11518543959
4.12277638912
4.12608146667
4.12007823586
4.12007823586
4.11725118756
4.11600530148
4.11600530148
4.12495315075
4.11518543959
4.12742972374
4.12710487843
4.11842614412
4.12041723728
4.11626666784
4.11586225033
4.12608146667
4.11586225033
4.11518543959
4.11689996719
4.12928313017
4.12407696247
4.12120088935
4.11586225033
4.11518543959
4.12277638912
4.11518543959
4.11518543959
4.12624612451
4.11618694663
4.12120088935
4.11518543959
4.11586225033
4.11586225033
4.11586225033
4.12608146667
4.11600530148
4.11586225033
4.12041723728
4.11586225033
4.12120088935
4.11679968238
4.12233859301
4.12519931793
4.11586225033
4.11586225033
4.11518543959
4.11818027496
4.11518543959
4.11518543959
4.11518543959
4.11586225033
4.12233859301
4.11948189139
4.11518543959
4.11518543959
4.11586225033
4.12277638912
4.11262363195
4.11953389645
4.11586225033
4.11953389645
4.12277638912
4.11586225033
4.11948189139
4.11586225033
4.11518543959
4.11586225033
4.11518543959
4.12233859301
4.11518543959
4.11626666784
4.11586225033
4.11518543959
4.11763697863
4.11586225033
4.12277638912
4.11518543959
4.11518543959
4.11763697863
4.11586225033
4.11631152034
4.12236943841
4.11518543959
4.11586225033
4.12425324321
4.12277638912
4.12415355444
4.11586225033
4.11518543959
4.12742972374
4.12233859301
4.11364808679
4.1158619523
4.11586225033
4.11586225033
4.11626666784
4.11376819015
4.11518543959
4.11518543959
4.11518543959
4.11586225033
4.11948189139
4.11586225033
4.12233859301
4.12354245782
4.12407696247
4.11518543959
4.11586225033
4.11586225033
4.11948189139
4.11679968238
4.11586225033
4.11583080888
4.12215292454
4.12233859301
4.11518543959
4.11518543959
4.11432430148
4.11586225033
4.11700889468
4.12233859301
4.11586225033
4.11586225033
4.11586225033
4.12495315075
4.11586225033
4.11948189139
4.1166511178
4.12277638912
4.11732375622
4.11518543959
4.11518543959
4.12834003568
4.11994993687
4.1175468266
4.11606445909
4.11586225033
4.12120088935
4.12619993091
4.12277638912
4.11626666784
4.11586225033
4.1166511178
4.12624612451
4.11725118756
4.11518543959
4.12277638912
4.12273272872
4.12678062916
4.12535279989
4.11518543959
4.12120088935
4.12152945995
4.11586225033
4.11586225033
4.11586225033
4.11518543959
4.12233859301
4.11518543959
4.12221640348
4.11631152034
4.11518543959
4.11518543959
4.11518543959
4.11518543959
4.11518543959
4.12120088935
4.11518543959
4.11818027496
4.11518543959
4.12415355444
4.12277638912
4.11586225033
4.11518543959
4.11763697863
4.12233859301
4.11518543959
4.11586225033
4.11518543959
4.12233859301
4.11946073174
4.11818027496
4.11583080888
4.11518543959
4.11586225033
4.12215292454
4.11376819015
4.11518543959
4.11571830511
4.11518543959
4.12277638912
4.12221640348
4.11146908998
4.11631152034
4.12277638912
4.11518543959
4.11586225033
4.12277638912
4.12233859301
4.11518543959
4.11586225033
4.11948189139
4.11618694663
4.12233859301
4.12233859301
4.12343412638
4.11600530148
4.11586225033
4.11482900381
4.11565184593
4.11852613091
4.11948189139
4.11518543959
4.11518543959
4.11478534341
4.12233859301
4.1166511178
4.11376819015
4.11576732993
4.11518543959
4.11586225033
4.11586225033
4.11518543959
4.11818027496
4.11518543959
4.11518543959
4.11586225033
4.11586225033
4.12233859301
4.11571830511
4.11586225033
4.11518543959
4.11518543959
4.12016868591
4.11586225033
4.11518543959
4.11376819015
4.11586225033
4.11586225033
4.11518543959
4.12233859301
4.11586225033
4.11586225033
4.11518543959
4.11586225033
4.11679968238
4.12120088935
4.11518543959
4.11518543959
4.11586225033
4.11586225033
4.12233859301
4.11518543959
4.11586225033
4.11576732993
4.11518543959
4.12233859301
4.12120088935
4.12365749478
4.12233859301
4.12608146667
4.12354245782
4.11518543959
4.12277638912
4.12277638912
4.11586225033
4.11518543959
4.11518543959
4.11586225033
4.11518543959
4.12215292454
4.11518543959
4.11518543959
4.11518543959
4.1166511178
4.12277638912
4.12233859301
4.12495315075
4.11518543959
4.12523344159
4.12233859301
4.11518543959
4.11518543959
4.12495315075
4.11586225033
4.11518543959
4.12233859301
4.12277638912
4.11518543959
4.11518543959
4.11518543959
4.11518543959
4.11518543959
4.12233859301
4.11679968238
4.12495315075
4.11948189139
4.11626666784
4.12120088935
4.12277638912
4.11518543959
4.11798417568
4.12233859301
4.12277638912
4.12233859301
4.11518543959
4.11948189139
4.11948189139
4.12233859301
4.12233859301
4.11518543959
4.11146908998
4.11586225033
4.12277638912
4.12608146667
4.11518543959
4.11518543959
4.11618694663
4.11518543959
4.12233859301
4.11518543959
4.11518543959
4.12120088935
4.12608146667
4.12277638912
4.11586225033
4.11518543959
4.12425324321
4.11518543959
4.1166511178
4.11948189139
4.11700889468
4.11376819015
4.11518543959
4.12233859301
4.12233859301
4.11586225033
4.12233859301
4.11858573556
4.11994993687
4.11344885826
4.1158619523
4.11600530148
4.12535279989
4.12233859301
4.11679968238
4.11518543959
4.12273272872
4.11518543959
4.11518543959
4.11518543959
4.11518543959
4.12233859301
4.12233859301
4.11518543959
4.11586225033
4.11518543959
4.12277638912
4.1166511178
4.11518543959
4.11518543959
4.12120088935
4.12233859301
4.11586225033
4.11376819015
4.11763697863
4.11518543959
4.11518543959
4.12233859301
4.12233859301
4.12233859301
4.11586225033
4.11518543959
4.12233859301
4.11518543959
4.12624612451
4.12277638912
4.11707475781
4.11518543959
4.11518543959
4.12233859301
4.11818027496
4.11518543959
4.12273272872
4.11518543959
4.1166511178
4.12277638912
4.12204533815
4.12343412638
4.11518543959
4.12233859301
4.12277638912
4.11948189139
4.12233859301
4.12233859301
4.11818027496
4.11818027496
4.11586225033
4.11818027496
4.11518543959
4.11518543959
4.11818027496
4.11586225033
4.11518543959
4.12233859301
4.11518543959
4.12204533815
4.11586225033
4.11518543959
4.11818027496
4.12233859301
4.11616578698
4.11518543959
4.12742972374
4.11518543959
4.11586225033
4.11763697863
4.12215292454
4.11518543959
4.11146908998
4.11518543959
4.12365749478
4.11736160517
4.1118824482
4.11818027496
4.12233859301
4.11586225033
4.1175468266
4.12665888667
4.12710487843
4.11600530148
4.11732375622
4.11600530148
4.11818027496
4.12233859301
4.12277638912
4.11518543959
4.11631152034
4.12608146667
4.11518543959
4.12519931793
4.12233859301
4.11518543959
4.12233859301
4.11518543959
4.12233859301
4.11732375622
4.11818027496
4.11600530148
4.11518543959
4.11518543959
4.11583080888
4.12233859301
4.12215292454
4.12277638912
4.11586225033
4.11518543959
4.11518543959
4.11478534341
4.12277638912
4.12277638912
4.12624612451
4.12215292454
4.11700308323
4.12233859301
4.12277638912
4.11518543959
4.11586225033
4.11518543959
4.12233859301
4.11948189139
4.11586225033
4.11818027496
4.11818027496
4.11818027496
4.11518543959
4.12233859301
4.11518543959
4.12277638912
4.12624612451
4.11586225033
4.11948189139
4.12273272872
4.11518543959
4.11518543959
4.12277638912
4.12233859301
4.12233859301
4.12232875824
4.11432430148
4.11146908998
4.12041723728
4.11376819015
4.12233859301
4.1166511178
4.11948189139
4.11586225033
4.11852613091
4.11948189139
4.12277638912
4.11948189139
4.12215292454
4.11169633269
4.11518543959
4.11725118756
4.11679968238
4.11626666784
4.11586225033
4.11946073174
4.11518543959
4.11586225033
4.11586225033
4.11583080888
4.11518543959
4.12120088935
4.12270382047
4.12233859301
4.11818027496
4.11478534341
4.11518543959
4.12277638912
4.11586225033
4.12343412638
4.11586225033
4.11518543959
4.1118824482
4.11852613091
4.12742972374
4.11518543959
4.12233859301
4.1207921505
4.11586225033
4.12519931793
4.11518543959
4.12233859301
4.11736160517
4.11586225033
4.11518543959
4.12233859301
4.11364808679
4.11586225033
4.12120088935
4.11576732993
4.11586225033
4.12277638912
4.12678062916
4.12233859301
4.11586225033
4.1129887104
4.12495315075
4.12215292454
4.11586225033
4.11518543959
4.12233859301
4.11818027496
4.11586225033
4.12233859301
4.12233859301
4.11518543959
4.11518543959
4.11763697863
4.12608146667
4.11852613091
4.12459790707
4.11586225033
4.1166511178
4.11518543959
4.11852613091
4.12232875824
4.11518543959
4.11518543959
4.11518543959
4.11586225033
4.11852613091
4.12233859301
4.11518543959
4.11518543959
4.11518543959
4.12608146667
4.12233859301
4.11518543959
4.12955805659
4.11586225033
4.10950899124
4.11518543959
4.1158619523
4.11518543959
4.11586225033
4.11586225033
4.12233859301
4.12233859301
4.11586225033
4.11586225033
4.12233859301
4.12277638912
4.11586225033
4.12204533815
4.12608146667
4.12277638912
4.11616027355
4.11586225033
4.12233859301
4.12277638912
4.11586225033
4.11953389645
4.11818027496
4.11631152034
4.11586225033
4.11586225033
4.11518543959
4.1153472662
4.11586225033
4.12159532309
4.11707475781
4.12277638912
4.11586225033
4.12204533815
4.11518543959
4.11679968238
4.12232875824
4.11586225033
4.11763697863
4.11518543959
4.11818027496
4.12233859301
4.11637887359
4.12535279989
4.11518543959
4.11586225033
4.11948189139
4.12277638912
4.11586225033
4.11586225033
4.12535279989
4.12233859301
4.11586225033
4.11586225033
4.11818027496
4.11818027496
4.12243545055
4.11586225033
4.11518543959
4.12535279989
4.11586225033
4.11586225033
4.11518543959
4.11518543959
4.11586225033
4.12343412638
4.12354245782
4.12277638912
4.11518543959
4.11586225033
4.11518543959
4.11798417568
4.117141366
4.11736160517
4.11948189139
4.11518543959
4.11586225033
4.11518543959
4.11518543959
4.10950899124
4.11798417568
4.1166511178
4.12354245782
4.12425324321
4.12233859301
4.11586225033
4.11518543959
4.12277638912
4.12277638912
4.11586225033
4.11948189139
4.11518543959
4.11518543959
4.11763697863
4.12233859301
4.11583080888
4.11586225033
4.11586225033
4.11518543959
4.11948189139
4.12243545055
4.12608146667
4.11404296756
4.11518543959
4.12233859301
4.12233859301
4.11518543959
4.12120088935
4.11586225033
4.11586225033
4.11518543959
4.11818027496
4.11586225033
4.11586225033
4.11518543959
4.12233859301
4.11586225033
4.11518543959
4.11518543959
4.12233859301
4.11818027496
4.12275701761
4.12215292454
4.11196678877
4.11586225033
4.11518543959
4.11586225033
4.12277638912
4.11571830511
4.11586225033
4.11818027496
4.11631152034
4.11586225033
4.12233859301
4.11818027496
4.12665888667
4.12665888667
4.1175468266
4.11518543959
4.12159532309
4.12608146667
4.11818027496
4.11586225033
4.11798417568
4.12233859301
4.11518543959
4.11798417568
4.11586225033
4.12120088935
4.11586225033
4.11586225033
4.11618694663
4.11518543959
4.11948189139
4.11736160517
4.11586225033
4.11518543959
4.12277638912
4.11586225033
4.12233859301
4.11818027496
4.11518543959
4.11586225033
4.11586225033
4.11518543959
4.12233859301
4.11600530148
4.11518543959
4.12120088935
4.12608146667
4.11518543959
4.11818027496
4.11518543959
4.11518543959
4.12233859301
4.12233859301
4.12277638912
4.11518543959
4.11818027496
4.11586225033
4.11763697863
4.11948189139
4.11518543959
4.11586225033
4.12233859301
4.12425324321
4.11518543959
4.12277638912
4.11518543959
4.11518543959
4.11763697863
4.11798417568
4.12273272872
4.11600530148
4.11518543959
4.11518543959
4.12233859301
4.12425324321
4.10935983062
4.11586225033
4.11518543959
4.11518543959
4.11586225033
4.11586225033
4.12277638912
4.12206888199
4.12120088935
4.11586225033
4.12233859301
4.12233859301
4.12204533815
4.11586225033
4.12215292454
4.11305874586
4.11818027496
4.11736160517
4.11818027496
4.12277638912
4.11586225033
4.11518543959
4.11518543959
4.12608146667
4.12233859301
4.1166511178
4.12277638912
4.11518543959
4.11586225033
4.12159532309
4.12277638912
4.12233859301
4.11763697863
4.11586225033
4.12233859301
4.12233859301
4.12233859301
4.10950899124
4.11518543959
4.11763697863
4.11586225033
4.11798417568
4.11818027496
4.11518543959
4.11732375622
4.11586225033
4.11524653435
4.12277638912
4.11586225033
4.11586225033
4.11518543959
4.12120088935
4.11586225033
4.12233859301
4.12535279989
4.12233859301
4.11637887359
4.11518543959
4.12233859301
4.11518543959
4.12495315075
4.11586225033
4.11518543959
4.12120088935
4.12233859301
4.11518543959
4.12233859301
4.1158619523
4.12665888667
4.1175468266
4.12204533815
4.12233859301
4.1153472662
4.11518543959
4.11586225033
4.11518543959
4.11518543959
4.12233859301
4.11586225033
4.11586225033
4.11818027496
4.11518543959
4.11586225033
4.12233859301
4.12233859301
4.12120088935
4.11586225033
4.11571830511
4.11818027496
4.11948189139
4.11586225033
4.11586225033
4.12277638912
4.11948189139
4.11518543959
4.12233859301
4.12354245782
4.11798417568
4.11518543959
4.12248507142
4.12535279989
4.11948189139
4.11842614412
4.11586225033
4.12233859301
4.11518543959
4.11518543959
4.12415355444
4.11739110947
4.11586225033
4.11586225033
4.11763697863
4.12277638912
4.11818027496
4.11586225033
4.12233859301
4.11818027496
4.11798417568
4.11586225033
4.11518543959
4.12233859301
4.11586225033
4.11586225033
4.11835253239
4.1166511178
4.11732375622
4.11518543959
4.11518543959
4.11518543959
4.12233859301
4.11586225033
4.11586225033
4.11518543959
4.12233859301
4.11586225033
4.11518543959
4.11518543959
4.12742972374
4.11586225033
4.11571830511
4.12277638912
4.1175468266
4.1175468266
4.1175468266
4.11518543959
4.12407696247
4.1118824482
4.11606445909
4.11586225033
4.12535279989
4.11518543959
4.11518543959
4.11586225033
4.11586225033
4.12233859301
4.11518543959
4.11432430148
4.11700308323
4.11818027496
4.11679968238
4.11586225033
4.11518543959
4.11518543959
4.12415355444
4.11518543959
4.12407696247
4.11618694663
4.12233859301
4.12365749478
4.11586225033
4.12354245782
4.12277638912
4.11518543959
4.11586225033
4.11169633269
4.12233859301
4.12742972374
4.12486895919
4.12120088935
4.11518543959
4.11518543959
4.11586225033
4.12233859301
4.12277638912
4.11586225033
4.11518543959
4.12496477365
4.11518543959
4.12486895919
4.12495315075
4.11586225033
4.11948189139
4.11518543959
4.11518543959
4.11586225033
4.12233859301
4.12535279989
4.12233859301
4.11518543959
4.11763697863
4.12233859301
4.11948189139
4.12233859301
4.11518543959
4.12122175097
4.12233859301
4.1166511178
4.11518543959
4.11518543959
4.11586225033
4.11948189139
4.11518543959
4.12277638912
4.11146908998
4.11518543959
4.11818027496
4.11518543959
4.11518543959
4.11518543959
4.12233859301
4.12608146667
4.11571830511
4.12277638912
4.12277638912
4.11586225033
4.10950899124
4.11518543959
4.11518543959
4.11586225033
4.12233859301
4.11518543959
4.11518543959
4.12215292454
4.11586225033
4.10950899124
4.12277638912
4.11586225033
4.11586225033
4.12608146667
4.12233859301
4.11518543959
4.1118824482
4.12233859301
4.11948189139
4.11586225033
4.1166511178
4.11818027496
4.12277638912
4.11586225033
4.11586225033
4.12233859301
4.12233859301
4.11586225033
4.11586225033
4.1118824482
4.11798417568
4.11586225033
4.12233859301
4.12277638912
4.16924878955
4.11798417568
4.11518543959
4.12277638912
4.12277638912
4.11518543959
4.11586225033
4.11586225033
4.12354245782
4.12215292454
4.11518543959
4.11432430148
4.11948189139
4.12120088935
4.12233859301
4.11586225033
4.11518543959
4.12277638912
4.11586225033
4.12608146667
4.11763697863
4.12120088935
4.12233859301
4.12120088935
4.11798417568
4.11948189139
4.11679968238
4.12277638912
4.11518543959
4.11586225033
4.11586225033
4.12608146667
4.12233859301
4.12233859301
4.12678062916
4.11948189139
4.12204533815
4.11586225033
4.11518543959
4.12120088935
4.12215292454
4.11586225033
4.12277638912
4.11518543959
4.12277638912
4.12233859301
4.11571830511
4.11700308323
4.1166511178
4.11518543959
4.11518543959
4.11518543959
4.11818027496
4.11626666784
4.11586225033
4.12277638912
4.10950899124
4.11586225033
4.11586225033
4.12120088935
4.12365749478
4.12233859301
4.11586225033
4.11149814725
4.11432430148
4.11586225033
4.11586225033
4.12233859301
4.12120088935
4.12215292454
4.11571830511
4.11518543959
4.11600530148
4.11946073174
4.11586225033
4.12233859301
4.11626666784
4.11586225033
4.11586225033
4.11518543959
4.12233859301
4.11586225033
4.11586225033
4.11946073174
4.12277638912
4.11586225033
4.11586225033
4.11818027496
4.12233859301
4.1166511178
4.12233859301
4.11518543959
4.11948189139
4.11586225033
4.11586225033
4.12277638912
4.11948189139
4.12233859301
4.11571830511
4.12233859301
4.11518543959
4.1188390553
4.12233859301
4.12026584148
4.11586225033
4.12233859301
4.11586225033
4.12277638912
4.11818027496
4.11518543959
4.11518543959
4.11518543959
4.12233859301
4.11586225033
4.12233859301
4.12232875824
4.11518543959
4.11586225033
4.11149814725
4.11631152034
4.11818027496
4.11518543959
4.11586225033
4.11518543959
4.11948189139
4.11518543959
4.11586225033
4.11586225033
4.11518543959
4.11948189139
4.11586225033
4.11518543959
4.12233859301
4.11948189139
4.12159532309
4.12233859301
4.12233859301
4.12639856339
4.11948189139
4.11586225033
4.1166511178
4.12215292454
4.11637887359
4.11518543959
4.11518543959
4.12233859301
4.11586225033
4.12365749478
4.11169633269
4.10950899124
4.11586225033
4.12519931793
4.12365749478
4.11518543959
4.11586225033
4.12243545055
4.11700308323
4.12233859301
4.11586225033
4.11818027496
4.12233859301
4.11618694663
4.10950899124
4.12233859301
4.12277638912
4.12233859301
4.11586225033
4.11794513464
4.11948189139
4.11586225033
4.12233859301
4.11818027496
4.11518543959
4.11586225033
4.11518543959
4.11518543959
4.12415355444
4.10950899124
4.11798417568
4.11794513464
4.11798417568
4.11586225033
4.12233859301
4.12277638912
4.11798417568
4.11518543959
4.12608146667
4.11948189139
4.12415355444
4.11518543959
4.11586225033
4.12233859301
4.11518543959
4.11146908998
4.11586225033
4.12365749478
4.11953389645
4.12026584148
4.11586225033
4.11518543959
4.12233859301
4.11586225033
4.10950899124
4.11524653435
4.12535279989
4.12233859301
4.11518543959
4.11606445909
4.11009177566
4.10950899124
4.12233859301
4.12273272872
4.12233859301
4.11518543959
4.11571830511
4.11518543959
4.11518543959
4.11586225033
4.11586225033
4.12277638912
4.11518543959
4.11586225033
4.12233859301
4.12354245782
4.11586225033
4.11586225033
4.11586225033
4.11518543959
4.11679968238
4.12233859301
4.11518543959
4.11586225033
4.12233859301
4.11518543959
4.11586225033
4.11571830511
4.12233859301
4.11518543959
4.11518543959
4.11571830511
4.12535279989
4.11518543959
4.11518543959
4.11618694663
4.12277638912
4.11818027496
4.11586225033
4.11586225033
4.12277638912
4.12120088935
4.12233859301
4.11518543959
4.12215292454
4.12232875824
4.11571830511
4.11518543959
4.11518543959
4.11518543959
4.11518543959
4.11586225033
4.12233859301
4.12495315075
4.12425324321
4.11432430148
4.11404296756
4.1158619523
4.11818027496
4.11518543959
4.11818027496
4.11626666784
4.12122175097
4.11586225033
4.11518543959
4.11700889468
4.11679968238
4.11571830511
4.12624612451
4.11916032434
4.11663532257
4.11518543959
4.11631152034
4.11637887359
4.12742972374
4.11948189139
4.11518543959
4.12120088935
4.11586225033
4.11586225033
4.11518543959
4.11518543959
4.12678062916
4.1166511178
4.12233859301
4.11518543959
4.11586225033
4.11586225033
4.12233859301
4.11518543959
4.11948189139
4.1129887104
4.12233859301
4.12277638912
4.12233859301
4.11586225033
4.12233859301
4.12277638912
4.11571830511
4.11818027496
4.11994993687
4.11994993687
4.12026584148
4.11600530148
4.12204533815
4.11798417568
4.12277638912
4.12215292454
4.1166511178
4.12277638912
4.12233859301
4.12277638912
4.11586225033
4.12233859301
4.11518543959
4.11518543959
4.11946073174
4.11586225033
4.11518543959
4.11948189139
4.12277638912
4.12120088935
4.12233859301
4.11953389645
4.11478534341
4.11432430148
4.11518543959
4.11518543959
4.12120088935
4.11518543959
4.11953389645
4.12215292454
4.11518543959
4.11518543959
4.11518543959
4.11518543959
4.12277638912
4.12233859301
4.11518543959
4.12026584148
4.11586225033
4.11948189139
4.11518543959
4.11518543959
4.11586225033
4.11586225033
4.11518543959
4.11518543959
4.12233859301
4.11586225033
4.11679968238
4.12273272872
4.11586225033
4.11736160517
4.11583080888
4.11586225033
4.12425324321
4.12233859301
4.11707475781
4.11586225033
4.11600530148
4.11616027355
4.12233859301
4.11518543959
4.11798417568
4.11518543959
4.12608146667
4.11732375622
4.11571830511
4.12233859301
4.12233859301
4.11679968238
4.12233859301
4.11586225033
4.11583080888
4.11586225033
4.11518543959
4.11794513464
4.12233859301
4.11763697863
4.11586225033
4.11518543959
4.12354245782
4.12678062916
4.11586225033
4.11736160517
4.11948189139
4.12233859301
4.11586225033
4.11763697863
4.11631152034
4.12277638912
4.11663532257
4.11586225033
4.12277638912
4.12233859301
4.11586225033
4.11586225033
4.11518543959
4.12120088935
4.12233859301
4.11586225033
4.11631152034
4.12232875824
4.11586225033
4.11763697863
4.11732375622
4.12120088935
4.11586225033
4.11736160517
4.12277638912
4.12233859301
4.11712482572
4.11518543959
4.11700889468
4.11586225033
4.11518543959
4.12233859301
4.11196678877
4.12277638912
4.11518543959
4.11736160517
4.11626666784
4.11586225033
4.1129887104
4.11732375622
4.11518543959
4.11586225033
4.12215292454
4.11518543959
4.12678062916
4.12486895919
4.11586225033
4.12233859301
4.11818027496
4.12215292454
4.11518543959
4.11626666784
4.11518543959
4.11948189139
4.11518543959
4.11794513464
4.11818027496
4.11518543959
4.11586225033
4.12624612451
4.11818027496
4.12233859301
4.11736160517
4.11818027496
4.11518543959
4.12277638912
4.11583080888
4.11344885826
4.11518543959
4.11637887359
4.11586225033
4.12233859301
4.11478534341
4.11586225033
4.11586225033
4.11518543959
4.11518543959
4.12486895919
4.12233859301
4.11518543959
4.11518543959
4.11586225033
4.11586225033
4.12233859301
4.11518543959
4.11583080888
4.11586225033
4.11518543959
4.12215292454
4.12159532309
4.11586225033
4.11518543959
4.11518543959
4.11586225033
4.12233859301
4.12277638912
4.11518543959
4.11618694663
4.11586225033
4.1118824482
4.11518543959
4.12233859301
4.11586225033
4.11818027496
4.11518543959
4.11586225033
4.11518543959
4.11518543959
4.12343412638
4.11586225033
4.11586225033
4.11518543959
4.12277638912
4.12407696247
4.11586225033
4.1175468266
4.12665888667
4.12665888667
4.11732375622
4.11600530148
4.12519931793
4.11693021655
4.11631152034
4.11586225033
4.11586225033
4.12120088935
4.11818027496
4.11571830511
4.11736160517
4.11818027496
4.12233859301
4.11518543959
4.12495315075
4.12277638912
4.11626666784
4.12277638912
4.11586225033
4.12233859301
4.12233859301
4.11586225033
4.12425324321
4.12233859301
4.11818027496
4.12233859301
4.11631152034
4.11518543959
4.12955805659
4.11571830511
4.12459790707
4.11679968238
4.11518543959
4.11518543959
4.12277638912
4.11518543959
4.12415355444
4.11586225033
4.12277638912
4.11948189139
4.11518543959
4.11586225033
4.12215292454
4.11518543959
4.12277638912
4.11571830511
4.10950899124
4.12233859301
4.11518543959
4.12233859301
4.11583080888
4.11518543959
4.12233859301
4.11518543959
4.11586225033
4.11518543959
4.11518543959
4.11518543959
4.11586225033
4.11518543959
4.11518543959
4.11146908998
4.11518543959
4.12425324321
4.12120088935
4.11518543959
4.12233859301
4.11885306239
4.11948189139
4.11586225033
4.10950899124
4.11518543959
4.11818027496
4.11518543959
4.11586225033
4.11518543959
4.11818027496
4.11586225033
4.11586225033
4.12233859301
4.11518543959
4.11679968238
4.11586225033
4.11518543959
4.11586225033
4.11586225033
4.11586225033
4.12233859301
4.11518543959
4.11953389645
4.11586225033
4.11518543959
4.11586225033
4.12233859301
4.11586225033
4.11344885826
4.12233859301
4.11586225033
4.11432430148
4.11818027496
4.11600530148
4.11586225033
4.11571830511
4.12233859301
4.12233859301
4.11800011992
4.12243545055
4.11518543959
4.11518543959
4.11571830511
4.12233859301
4.12277638912
4.11518543959
4.11700889468
4.12233859301
4.12233859301
4.11700889468
4.12233859301
4.12519931793
4.11262363195
4.11518543959
4.11586225033
4.12233859301
4.12277638912
4.12120088935
4.11518543959
4.11586225033
4.12415355444
4.11196678877
4.11518543959
4.11518543959
4.12407696247
4.12204533815
4.11763697863
4.11518543959
4.11518543959
4.12535279989
4.11518543959
4.11586225033
4.12277638912
4.1166511178
4.11518543959
4.11586225033
4.12415355444
4.11518543959
4.11518543959
4.11518543959
4.12215292454
4.12233859301
4.11586225033
4.11518543959
4.12233859301
4.12233859301
4.11586225033
4.12608146667
4.11518543959
4.12204533815
4.11364808679
4.12233859301
4.11518543959
4.11518543959
4.11581069231
4.11679968238
4.10935983062
4.11518543959
4.11586225033
4.11732375622
4.11518543959
4.11618694663
4.1158619523
4.12233859301
4.11518543959
4.10935983062
4.11586225033
4.11725118756
4.11518543959
4.11518543959
4.10935983062
4.11586225033
4.11518543959
4.11583080888
4.11518543959
4.11798417568
4.11518543959
4.12233859301
4.12277638912
4.12233859301
4.11948189139
4.11948189139
4.11586225033
4.11518543959
4.12277638912
4.12277638912
4.11432430148
4.11571830511
4.12120088935
4.11948189139
4.12221640348
4.12233859301
4.11948189139
4.11518543959
4.11586225033
4.11618694663
4.11818027496
4.12678062916
4.11586225033
4.12273272872
4.11948189139
4.12665888667
4.12665888667
4.12834003568
4.12041723728
4.11600530148
4.11732375622
4.11518543959
4.11571830511
4.11586225033
4.12215292454
4.11707475781
4.11586225033
4.11518543959
4.11818027496
4.11518543959
4.12277638912
4.11586225033
4.11818027496
4.12273272872
4.1166511178
4.11586225033
4.11518543959
4.11948189139
4.11518543959
4.11586225033
4.11518543959
4.11763697863
4.11606445909
4.12233859301
4.12233859301
4.12233859301
4.12608146667
4.12608146667
4.12678062916
4.11518543959
4.11586225033
4.11586225033
4.12415355444
4.12215292454
4.11586225033
4.11586225033
4.11518543959
4.11403939128
4.12215292454
4.11732375622
4.11818027496
4.12233859301
4.11586225033
4.11586225033
4.12233859301
4.12233859301
4.11586225033
4.12742972374
4.12233859301
4.11679968238
4.12233859301
4.11586225033
4.11518543959
4.11518543959
4.11586225033
4.12624612451
4.11518543959
4.11518543959
4.11196678877
4.11618694663
4.11818027496
4.12277638912
4.11586225033
4.11586225033
4.11518543959
4.11432430148
4.11586225033
4.11518543959
4.12120088935
4.11586225033
4.11586225033
4.12519931793
4.12277638912
4.11732375622
4.11586225033
4.12215292454
4.12277638912
4.11518543959
4.12277638912
4.11818027496
4.12425324321
4.11586225033
4.11518543959
4.11518543959
4.12535279989
4.12233859301
4.11586225033
4.12215292454
4.11583080888
4.11586225033
4.12678062916
4.12473201752
4.11518543959
4.11571830511
4.11586225033
4.11518543959
4.11763697863
4.11586225033
4.11586225033
4.11518543959
4.11736160517
4.12624612451
4.11586225033
4.11518543959
4.12407696247
4.11586225033
4.12277638912
4.12277638912
4.12277638912
4.11518543959
4.12277638912
4.12233859301
4.12415355444
4.11953389645
4.12233859301
4.12009641528
4.11700889468
4.11586225033
4.11586225033
4.12277638912
4.12277638912
4.11800011992
4.11586225033
4.11663532257
4.1153472662
4.11518543959
4.11586225033
4.11586225033
4.11518543959
4.1118824482
4.11679968238
4.11404296756
4.12233859301
4.11586225033
4.1153472662
4.11518543959
4.12277638912
4.11700889468
4.11586225033
4.11518543959
4.11618694663
4.11586225033
4.1158619523
4.12277638912
4.12233859301
4.11586225033
4.11586225033
4.12233859301
4.11948189139
4.11586225033
4.11518543959
4.11794513464
4.12233859301
4.11518543959
4.11571830511
4.11518543959
4.11586225033
4.11679968238
4.11586225033
4.11693021655
4.11600530148
4.11586225033
4.11631152034
4.11948189139
4.12273272872
4.11586225033
4.11518543959
4.12277638912
4.12233859301
4.11586225033
4.12233859301
4.11518543959
4.11818027496
4.11586225033
4.12407696247
4.11518543959
4.11518543959
4.12215292454
4.11736160517
4.11149814725
4.11518543959
4.12233859301
4.12233859301
4.11518543959
4.12535279989
4.11736160517
4.11626666784
4.12678062916
4.12273272872
4.11586225033
4.12495315075
4.11818027496
4.11518543959
4.11435037851
4.12624612451
4.11518543959
4.11818027496
4.11518543959
4.1153472662
4.12277638912
4.12277638912
4.11586225033
4.11586225033
4.11518543959
4.11818027496
4.11852613091
4.12152945995
4.12233859301
4.12233859301
4.11607563496
4.11518543959
4.12608146667
4.12277638912
4.11518543959
4.11518543959
4.11679968238
4.11518543959
4.11586225033
4.11518543959
4.11149814725
4.11518543959
4.11818027496
4.12471964955
4.11942943931
4.11663532257
4.11798417568
4.12742972374
4.11586225033
4.11571830511
4.12277638912
4.11818027496
4.12233859301
4.11586225033
4.12232875824
4.11518543959
4.12535279989
4.12415355444
4.11600530148
4.1166511178
4.11626666784
4.11571830511
4.12277638912
4.11518543959
4.11586225033
4.11586225033
4.11344885826
4.11818027496
4.12233859301
4.11586225033
4.12608146667
4.11679968238
4.11586225033
4.11586225033
4.11818027496
4.11518543959
4.11571830511
4.11586225033
4.11586225033
4.12624612451
4.12233859301
4.11586225033
4.11149814725
4.11146908998
4.11700889468
4.12742972374
4.11376819015
4.1166511178
4.11586225033
4.11571830511
4.12277638912
4.11818027496
4.1118824482
4.11586225033
4.12233859301
4.12277638912
4.11586225033
4.10950899124
4.10950899124
4.12495315075
4.12122175097
4.11586225033
4.11518543959
4.11518543959
4.11518543959
4.11586225033
4.11518543959
4.11518543959
4.12215292454
4.12273272872
4.12233859301
4.11518543959
4.11586225033
4.11586225033
4.12277638912
4.11818027496
4.11518543959
4.11586225033
4.11948189139
4.11707475781
4.11631152034
4.11586225033
4.11586225033
4.12459790707
4.12233859301
4.12233859301
4.11586225033
4.11518543959
4.12120088935
4.11518543959
4.11583080888
4.12243545055
4.11583080888
4.11586225033
4.11586225033
4.12233859301
4.12233859301
4.11818027496
4.11586225033
4.11518543959
4.12354245782
4.11586225033
4.12233859301
4.11626666784
4.11586225033
4.10935983062
4.11518543959
4.11852613091
4.11818027496
4.11586225033
4.11586225033
4.11818027496
4.11586225033
4.11798417568
4.12233859301
4.12233859301
4.11586225033
4.11518543959
4.11586225033
4.11948189139
4.11818027496
4.11586225033
4.11586225033
4.12233859301
4.12277638912
4.11631152034
4.11571830511
4.11518543959
4.12041723728
4.12273272872
4.11518543959
4.11009177566
4.12277638912
4.11586225033
4.11586225033
4.11518543959
4.11583080888
4.11586225033
4.12273272872
4.1166511178
4.10950899124
4.11586225033
4.11571830511
4.12277638912
4.11518543959
4.11518543959
4.11616027355
4.11953389645
4.12277638912
4.11518543959
4.11518543959
4.11518543959
4.12233859301
4.11586225033
4.11586225033
4.11818027496
4.11818027496
4.11364808679
4.11586225033
4.11518543959
4.12233859301
4.11571830511
4.11725118756
4.11518543959
4.11518543959
4.11586225033
4.11586225033
4.12233859301
4.12233859301
4.12122175097
4.11586225033
4.12233859301
4.12624612451
4.11571830511
4.11586225033
4.12277638912
4.1166511178
4.11794513464
4.11571830511
4.12233859301
4.12120088935
4.11571830511
4.11432430148
4.11948189139
4.11518543959
4.11586225033
4.12041723728
4.12233859301
4.11518543959
4.12742972374
4.11518543959
4.12088006735
4.11618694663
4.11518543959
4.11518543959
4.11524653435
4.11518543959
4.1118824482
4.12519931793
4.11763697863
4.12233859301
4.11571830511
4.11586225033
4.11818027496
4.12273272872
4.11518543959
4.12742972374
4.11518543959
4.11700308323
4.11586225033
4.11852613091
4.12273272872
4.11518543959
4.11586225033
4.12204533815
4.11518543959
4.12233859301
4.11586225033
4.11518543959
4.11518543959
4.11518543959
4.11518543959
4.11586225033
4.12233859301
4.12233859301
4.11478534341
4.11586225033
4.11518543959
4.12608146667
4.11626666784
4.11586225033
4.12459790707
4.11518543959
4.11586225033
4.11586225033
4.12277638912
4.11009177566
4.11518543959
4.11586225033
4.11518543959
4.11586225033
4.11571830511
4.11586225033
4.11818027496
4.11518543959
4.12277638912
4.12233859301
4.12233859301
4.11518543959
4.11478534341
4.12122175097
4.12535279989
4.12742972374
4.11518543959
4.11586225033
4.12535279989
4.12495315075
4.12233859301
4.12233859301
4.12608146667
4.11618694663
4.11586225033
4.11240056157
4.12041723728
4.11518543959
4.11586225033
4.12233859301
4.11518543959
4.11818027496
4.12277638912
4.11586225033
4.11518543959
4.11518543959
4.11946073174
4.12233859301
4.11583080888
4.11637887359
4.12425324321
4.11586225033
4.11518543959
4.12495315075
4.11518543959
4.11586225033
4.12233859301
4.11606445909
4.11571830511
4.11600530148
4.12233859301
4.12365749478
4.11586225033
4.11586225033
4.12120088935
4.11626666784
4.11586225033
4.11586225033
4.12221640348
4.11518543959
4.11518543959
4.11586225033
4.11518543959
4.11700889468
4.11586225033
4.11586225033
4.12233859301
4.11376819015
4.12233859301
4.11586225033
4.11124110222
4.11586225033
4.11518543959
4.11586225033
4.11818027496
4.11518543959
4.11586225033
4.11518543959
4.11818027496
4.11518543959
4.11586225033
4.11586225033
4.11948189139
4.11818027496
4.11600530148
4.11798417568
4.12233859301
4.11518543959
4.11518543959
4.11518543959
4.1158619523
4.11518543959
4.11586225033
4.11518543959
4.11518543959
4.11518543959
4.11586225033
4.11586225033
4.11518543959
4.12233859301
4.11518543959
4.11146908998
4.11818027496
4.11518543959
4.11586225033
4.11586225033
4.11600530148
4.12233859301
4.11586225033
4.12608146667
4.11518543959
4.12215292454
4.12233859301
4.12519931793
4.11518543959
4.12277638912
4.11586225033
4.11948189139
4.11518543959
4.11518543959
4.11586225033
4.11586225033
4.11953389645
4.12277638912
4.11586225033
4.11586225033
4.12215292454
4.11763697863
4.11518543959
4.11518543959
4.11818027496
4.11518543959
4.11736160517
4.11376819015
4.12120088935
4.11818027496
4.11583080888
4.10935983062
4.11518543959
4.12354245782
4.12232875824
4.11586225033
4.11626666784
4.11518543959
4.11586225033
4.11586225033
4.12277638912
4.11818027496
4.11518543959
4.11794513464
4.11518543959
4.11518543959
4.12535279989
4.12834003568
4.1175468266
4.12583604455
4.12519931793
4.1158619523
4.11600530148
4.11631152034
4.1166511178
4.11586225033
4.11586225033
4.11586225033
4.11518543959
4.11571830511
4.12233859301
4.12273272872
4.11518543959
4.11798417568
4.11518543959
4.12120088935
4.12277638912
4.11518543959
4.11586225033
4.11518543959
4.11948189139
4.12120088935
4.12678062916
4.11763697863
4.11376819015
4.11586225033
4.11586225033
4.11700308323
4.12277638912
4.12120088935
4.11586225033
4.11818027496
4.11818027496
4.11518543959
4.12233859301
4.11518543959
4.11518543959
4.11586225033
4.11586225033
4.12233859301
4.11818027496
4.11948189139
4.11586225033
4.11948189139
4.12608146667
4.11586225033
4.12354245782
4.12233859301
4.12415355444
4.11571830511
4.11586225033
4.11518543959
4.11618694663
4.12425324321
4.12233859301
4.11518543959
4.11818027496
4.12459790707
4.11586225033
4.11732375622
4.11916032434
4.12159532309
4.12277638912
4.12277638912
4.1166511178
4.11586225033
4.11518543959
4.12273272872
4.12365749478
4.12233859301
4.12041723728
4.12273272872
4.12277638912
4.11586225033
4.11835253239
4.11631152034
4.11571830511
4.11571830511
4.1129887104
4.11626666784
4.1129887104
4.11518543959
4.11518543959
4.12120088935
4.11763697863
4.11763697863
4.12233859301
4.11693021655
4.11586225033
4.11518543959
4.11518543959
4.11586225033
4.11518543959
4.11586225033
4.11518543959
4.12273272872
4.11571830511
4.12354245782
4.11518543959
4.11631152034
4.12495315075
4.11586225033
4.12233859301
4.12415355444
4.11763697863
4.12608146667
4.11679968238
4.11948189139
4.11586225033
4.11600530148
4.12277638912
4.12233859301
4.1118824482
4.11631152034
4.11518543959
4.11700308323
4.12233859301
4.11518543959
4.11948189139
4.12277638912
4.11518543959
4.12277638912
4.12277638912
4.1166511178
4.11586225033
4.11586225033
4.12233859301
4.12233859301
4.11586225033
4.11586225033
4.11518543959
4.11732375622
4.11586225033
4.11700308323
4.12233859301
4.11518543959
4.11586225033
4.11518543959
4.12233859301
4.11736160517
4.11586225033
4.11586225033
4.11518543959
4.11518543959
4.11586225033
4.12608146667
4.12233859301
4.11798417568
4.11518543959
4.12624612451
4.12277638912
4.12608146667
4.11736160517
4.11586225033
4.11518543959
4.11518543959
4.12678062916
4.11586225033
4.11518543959
4.12233859301
4.12415355444
4.11818027496
4.11818027496
4.11586225033
4.12354245782
4.11518543959
4.12233859301
4.11146908998
4.12233859301
4.11948189139
4.11606445909
4.11725118756
4.11953389645
4.11948189139
4.12277638912
4.11736160517
4.11798417568
4.11518543959
4.11631152034
4.11586225033
4.11586225033
4.11518543959
4.11586225033
4.11586225033
4.12233859301
4.12742972374
4.11518543959
4.12026584148
4.11948189139
4.11518543959
4.11948189139
4.11948189139
4.12495315075
4.11518543959
4.11518543959
4.11586225033
4.12233859301
4.12545531988
4.12233859301
4.11518543959
4.11196678877
4.11518543959
4.12535279989
4.11586225033
4.11586225033
4.11518543959
4.11518543959
4.12120088935
4.11794513464
4.11518543959
4.12495315075
4.11586225033
4.11518543959
4.11818027496
4.12277638912
4.11518543959
4.12608146667
4.11196678877
4.11518543959
4.11700308323
4.10950899124
4.12519931793
4.12233859301
4.12248507142
4.11794513464
4.12277638912
4.12233859301
4.11637887359
4.11586225033
4.12742972374
4.12415355444
4.12233859301
4.12233859301
4.12120088935
4.11818027496
4.11586225033
4.1153472662
4.11478534341
4.12233859301
4.12120088935
4.11763697863
4.12233859301
4.11948189139
4.12233859301
4.11586225033
4.11953389645
4.12215292454
4.11586225033
4.11518543959
4.12233859301
4.11586225033
4.11725118756
4.11818027496
4.11700889468
4.12233859301
4.11518543959
4.12277638912
4.11518543959
4.11586225033
4.10935983062
4.12277638912
4.11818027496
4.11586225033
4.11586225033
4.11518543959
4.12407696247
4.11725118756
4.11586225033
4.11586225033
4.12233859301
4.11518543959
4.11679968238
4.12233859301
4.11798417568
4.11586225033
4.11586225033
4.12233859301
4.11798417568
4.12233859301
4.11586225033
4.1118824482
4.11518543959
4.11586225033
4.12233859301
4.11518543959
4.11818027496
4.11586225033
4.11586225033
4.12233859301
4.12233859301
4.12152945995
4.11518543959
4.11518543959
4.12425324321
4.11571830511
4.12233859301
4.11518543959
4.1158619523
4.11586225033
4.11586225033
4.12233859301
4.12233859301
4.12243545055
4.11586225033
4.11518543959
4.11518543959
4.1166511178
4.11586225033
4.12415355444
4.11344885826
4.11994993687
4.1175468266
4.11600530148
4.12233859301
4.11518543959
4.11518543959
4.12233859301
4.11586225033
4.12233859301
4.12608146667
4.12233859301
4.11518543959
4.11835253239
4.1153472662
4.11736160517
4.11586225033
4.11518543959
4.12277638912
4.12277638912
4.11518543959
4.12233859301
4.12233859301
4.12233859301
4.11616027355
4.12233859301
4.11518543959
4.11637887359
4.11518543959
4.11518543959
4.12233859301
4.11794513464
4.1158619523
4.11576732993
4.11518543959
4.11586225033
4.11586225033
4.11948189139
4.11518543959
4.11518543959
4.12495315075
4.11586225033
4.11404296756
4.11404296756
4.11518543959
4.11948189139
4.12277638912
4.12233859301
4.11586225033
4.11518543959
4.11818027496
4.12273272872
4.12233859301
4.11518543959
4.11146908998
4.11586225033
4.12233859301
4.11518543959
4.11798417568
4.11725118756
4.11618694663
4.11663532257
4.11600530148
4.11518543959
4.11586225033
4.11146908998
4.11518543959
4.11146908998
4.11586225033
4.11631152034
4.16924878955
4.11586225033
4.11571830511
4.12233859301
4.12233859301
4.12425324321
4.12535279989
4.11818027496
4.11518543959
4.12233859301
4.12233859301
4.11518543959
4.11518543959
4.11586225033
4.12624612451
4.12233859301
4.11818027496
4.11586225033
4.12122175097
4.11518543959
4.12233859301
4.11586225033
4.11586225033
4.11518543959
4.11364808679
4.11637887359
4.11586225033
4.11948189139
4.12233859301
4.12233859301
4.10950899124
4.12204533815
4.11798417568
4.11518543959
4.11586225033
4.11518543959
4.12608146667
4.11763697863
4.12233859301
4.12120088935
4.12233859301
4.11586225033
4.11586225033
4.12120088935
4.12233859301
4.11948189139
4.1118824482
4.12233859301
4.11518543959
4.12233859301
4.11700308323
4.11626666784
4.11518543959
4.11586225033
4.12122175097
4.11852613091
4.12277638912
4.11586225033
4.11818027496
4.11626666784
4.12495315075
4.11571830511
4.11586225033
4.11616027355
4.11618694663
4.11518543959
4.12277638912
4.11518543959
4.11948189139
4.11586225033
4.10780698061
4.12204533815
4.12233859301
4.12233859301
4.11518543959
4.11518543959
4.11586225033
4.11518543959
4.12233859301
4.12215292454
4.11586225033
4.11586225033
4.11763697863
4.12215292454
4.11700889468
4.11432430148
4.12233859301
4.11631152034
4.11518543959
4.11586225033
4.11586225033
4.12232875824
4.12233859301
4.11586225033
4.11586225033
4.12232875824
4.11146908998
4.11518543959
4.11586225033
4.11518543959
4.11818027496
4.12233859301
4.11586225033
4.12233859301
4.12233859301
4.11586225033
4.11518543959
4.12233859301
4.11146908998
4.11586225033
4.11586225033
4.11518543959
4.11725118756
4.11571830511
4.11586225033
4.11518543959
4.11518543959
4.11586225033
4.11626666784
4.12248507142
4.12354245782
4.12277638912
4.11679968238
4.12233859301
4.12233859301
4.12122175097
4.11586225033
4.11732375622
4.11586225033
4.11586225033
4.11518543959
4.11818027496
4.12215292454
4.11432430148
4.12233859301
4.12233859301
4.11586225033
4.11518543959
4.11518543959
4.11518543959
4.11586225033
4.1166511178
4.11518543959
4.11700889468
4.11586225033
4.11586225033
4.12233859301
4.11518543959
4.11518543959
4.12233859301
4.11518543959
4.11679968238
4.11344885826
4.12233859301
4.1166511178
4.11518543959
4.11586225033
4.11586225033
4.11518543959
4.11732375622
4.11946073174
4.11798417568
4.12277638912
4.11518543959
4.11518543959
4.11586225033
4.12233859301
4.12233859301
4.11571830511
4.11586225033
4.11518543959
4.12233859301
4.12232875824
4.11586225033
4.12248507142
4.12277638912
4.11586225033
4.11518543959
4.11518543959
4.12277638912
4.11571830511
4.11571830511
4.12233859301
4.11518543959
4.12122175097
4.10950899124
4.11344885826
4.11518543959
4.11953389645
4.11149814725
4.12120088935
4.11518543959
4.12215292454
4.11586225033
4.11948189139
4.11916032434
4.12665888667
4.12104859948
4.12471964955
4.11600530148
4.11732375622
4.11732375622
4.12233859301
4.12354245782
4.12233859301
4.11518543959
4.11571830511
4.11818027496
4.12354245782
4.11818027496
4.11586225033
4.11798417568
4.11600530148
4.11518543959
4.12120088935
4.11586225033
4.11798417568
4.11853119731
4.11586225033
4.11948189139
4.12277638912
4.11586225033
4.11586225033
4.11616027355
4.11518543959
4.12233859301
4.11571830511
4.11518543959
4.11518543959
4.11586225033
4.11586225033
4.11700889468
4.11948189139
4.11631152034
4.11518543959
4.11618694663
4.11763697863
4.11586225033
4.12221640348
4.11518543959
4.12277638912
4.11586225033
4.11518543959
4.11616027355
4.12277638912
4.11571830511
4.11571830511
4.11344885826
4.11948189139
4.11586225033
4.12221640348
4.11798417568
4.11586225033
4.11586225033
4.11518543959
4.11818027496
4.12215292454
4.11586225033
4.11518543959
4.11518543959
4.12277638912
4.11626666784
4.11586225033
4.11432430148
4.11518543959
4.10950899124
4.12233859301
4.12277638912
4.11518543959
4.12233859301
4.11432430148
4.11518543959
4.12248507142
4.11586225033
4.11586225033
4.11948189139
4.11518543959
4.11586225033
4.11518543959
4.11818027496
4.1153472662
4.11586225033
4.11586225033
4.12233859301
4.12678062916
4.11586225033
4.12624612451
4.11478534341
4.11518543959
4.11518543959
4.11518543959
4.1153472662
4.11518543959
4.11586225033
4.11586225033
4.11700889468
4.11818027496
4.11586225033
4.11586225033
4.11518543959
4.11518543959
4.12233859301
4.12233859301
4.11518543959
4.12215292454
4.12624612451
4.12233859301
4.11763697863
4.11700889468
4.11586225033
4.11586225033
4.11518543959
4.11700308323
4.11146908998
4.11631152034
4.11518543959
4.11518543959
4.11586225033
4.11626666784
4.11586225033
4.1153472662
4.11586225033
4.11518543959
4.12624612451
4.11432430148
4.11518543959
4.12277638912
4.11518543959
4.11586225033
4.11586225033
4.11518543959
4.11818027496
4.1129887104
4.12535279989
4.11518543959
4.11948189139
4.12678062916
4.11763697863
4.11586225033
4.11518543959
4.11432430148
4.12277638912
4.12233859301
4.12233859301
4.12277638912
4.11736160517
4.11586225033
4.12401840091
4.12277638912
4.11586225033
4.11586225033
4.11518543959
4.12233859301
4.11146908998
4.12041723728
4.11518543959
4.12486895919
4.12233859301
4.12608146667
4.11196678877
4.11518543959
4.11581069231
4.11586225033
4.11518543959
4.11146908998
4.11586225033
4.11586225033
4.12608146667
4.11586225033
4.11586225033
4.11518543959
4.12608146667
4.12624612451
4.10935983062
4.11798417568
4.12407696247
4.1129887104
4.10935983062
4.12233859301
4.11518543959
4.11586225033
4.12233859301
4.11518543959
4.11518543959
4.11432430148
4.12159532309
4.11798417568
4.11946073174
4.11571830511
4.12041723728
4.11518543959
4.11618694663
4.12495315075
4.11763697863
4.11364808679
4.11518543959
4.11586225033
4.12406980991
4.12233859301
4.11818027496
4.11818027496
4.11586225033
4.11586225033
4.11518543959
4.12233859301
4.11953389645
4.12233859301
4.11518543959
4.11586225033
4.12041723728
4.12245899439
4.11196678877
4.11571830511
4.11146908998
4.1166511178
4.11493912339
4.10935983062
4.1166511178
4.11948189139
4.12608146667
4.11518543959
4.11586225033
4.12273272872
4.12277638912
4.12277638912
4.12120088935
4.11518543959
4.12152945995
4.12120088935
4.1166511178
4.11518543959
4.11518543959
4.11586225033
4.11586225033
4.11518543959
4.12233859301
4.12354245782
4.12159532309
4.1153472662
4.11518543959
4.11518543959
4.12159532309
4.12354245782
4.12233859301
4.11586225033
4.11586225033
4.12233859301
4.12233859301
4.11586225033
4.10950899124
4.11607563496
4.11146908998
4.12233859301
4.11586225033
4.12277638912
4.11518543959
4.11586225033
4.12233859301
4.12678062916
4.11586225033
4.11586225033
4.11518543959
4.12204533815
4.12233859301
4.12233859301
4.11518543959
4.12277638912
4.12277638912
4.11586225033
4.1158619523
4.12233859301
4.11518543959
4.1166511178
4.11586225033
4.11583080888
4.11196678877
4.11518543959
4.11586225033
4.11478534341
4.1129887104
4.12277638912
4.11586225033
4.11818027496
4.12233859301
4.11586225033
4.12233859301
4.12496477365
4.11606445909
4.11586225033
4.11953389645
4.12407696247
4.12233859301
4.12277638912
4.11518543959
4.11798417568
4.12233859301
4.11586225033
4.12233859301
4.1118824482
4.11600530148
4.11518543959
4.11518543959
4.11679968238
4.12233859301
4.11586225033
4.11586225033
4.12152945995
4.11518543959
4.11736160517
4.11616027355
4.11818027496
4.11732375622
4.12535279989
4.11586225033
4.12277638912
4.11818027496
4.12495315075
4.11586225033
4.12233859301
4.11432430148
4.11518543959
4.11586225033
4.11798417568
4.11432430148
4.12608146667
4.11798417568
4.11818027496
4.12233859301
4.12535279989
4.11518543959
4.11518543959
4.11953389645
4.11518543959
4.12277638912
4.12233859301
4.12678062916
4.11631152034
4.1149623692
4.12519931793
4.11586225033
4.11518543959
4.12120088935
4.12233859301
4.11586225033
4.11586225033
4.12277638912
4.1166511178
4.11586225033
4.11518543959
4.11146908998
4.12233859301
4.11586225033
4.11586225033
4.12120088935
4.11518543959
4.1153472662
4.12608146667
4.11518543959
4.11948189139
4.11586225033
4.11586225033
4.12277638912
4.11518543959
4.11600530148
4.11196678877
4.11518543959
4.11798149347
4.12277638912
4.11518543959
4.12233859301
4.12215292454
4.11586225033
4.11586225033
4.11948189139
4.11524653435
4.11736160517
4.1158619523
4.11846637726
4.12277638912
4.11626666784
4.11196678877
4.11583080888
4.11948189139
4.11586225033
4.12233859301
4.12273272872
4.11518543959
4.12233859301
4.11586225033
4.11618694663
4.12277638912
4.11798417568
4.11586225033
4.11798417568
4.11518543959
4.11586225033
4.11478534341
4.12277638912
4.12233859301
4.11586225033
4.11732375622
4.12608146667
4.12273272872
4.12221640348
4.11518543959
4.11518543959
4.12277638912
4.12273272872
4.11586225033
4.11518543959
4.11518543959
4.11736160517
4.12026584148
4.12233859301
4.12277638912
4.11586225033
4.11518543959
4.11518543959
4.11518543959
4.11518543959
4.12233859301
4.12233859301
4.12120088935
4.12277638912
4.11586225033
4.12120088935
4.11149814725
4.11586225033
4.11518543959
4.11518543959
4.11586225033
