0.0
1.87249183655
2.13784888387
1.86267852783
0.00332891941071
0.0
0.0
0.0
0.0
0.0
0.0
0.0
0.0
0.0
0.0
0.0235855579376
0.0
0.0
0.0748410820961
0.135026872158
0.238555669785
0.194093585014
0.226917862892
0.29037296772
0.311143696308
0.31696408987
0.267311930656
0.245377421379
0.223934650421
0.331521034241
0.462314486504
0.611410140991
0.450725853443
0.399576127529
0.835363268852
0.460091233253
0.513018667698
0.620821118355
0.0454217195511
0.0
0.0
0.0
0.0
0.0
0.0
0.00178813934326
0.0
0.00142008066177
0.0688686966896
0.0
0.0
0.0
0.0192180275917
0.0
0.05022585392
0.0514522194862
0.00869780778885
0.0573590397835
0.0772565603256
0.0800505280495
0.0168859958649
0.0947624444962
0.149457156658
0.0754803419113
0.0403255224228
0.064916908741
0.147852301598
0.101386010647
0.200454890728
0.27369260788
0.186228752136
0.156152248383
0.263904035091
0.23378431797
0.100940465927
0.203505158424
0.285386890173
0.237587094307
0.295875966549
0.284045934677
0.280261039734
0.227396190166
0.24451687932
0.223565101624
0.401605665684
0.317028164864
0.341108441353
0.451324880123
0.402563810349
0.409442186356
0.304256379604
0.320616364479
0.394535064697
0.356879085302
0.354929417372
0.384137034416
0.412345826626
0.563700795174
0.333454310894
0.524386465549
0.404761731625
0.704056322575
0.691320151091
0.600324422121
0.623363852501
0.639276504517
0.630184113979
0.649767816067
0.70312872529
0.522407442331
0.653194487095
0.583529472351
0.687911063433
0.746756494045
0.706313699484
0.700772553682
0.777638703585
0.776623040438
0.942327231169
0.853823572397
0.93178793788
0.922409743071
0.726916193962
0.888284891844
0.842966735363
0.863664150238
0.845358967781
1.08923897147
0.936790853739
1.06175482273
0.874599665403
0.971422195435
0.918286144733
0.948150753975
1.09334990382
0.998408645391
0.962950438261
1.24283179641
1.05586290359
1.00424975157
1.15966439247
1.16953328252
1.19683742523
1.03130504489
1.17091536522
1.07880666852
1.28338366747
1.15074247122
1.16335362196
1.28321632743
1.29470571876
1.21636494994
1.32395595312
1.34753882885
1.35602757335
1.41714498401
1.29667013884
1.35929405689
1.285110116
1.38364136219
1.4187066257
1.44184455276
1.47554844618
1.46279767156
1.4815826714
1.55237033963
1.33512496948
1.54721006751
1.61858975887
1.44437298179
1.46115705371
1.64081573486
1.67008444667
1.61689803004
1.4739626646
1.6919875145
1.68028712273
1.64931282401
1.52164950967
1.62165865302
1.6708932817
1.68953284621
1.73629581928
1.71879395843
1.74879550934
1.7966324091
1.86436578631
1.71190991998
1.85119241476
1.77269607782
1.79013103247
1.8542984128
1.85436576605
1.85936242342
1.75442546606
1.87956213951
1.83603107929
1.94700360298
1.90280020237
1.78248569369
1.94558471441
1.955640167
2.02038243413
1.88718780875
1.97092726827
2.01469600201
1.88148230314
1.99918821454
1.99020922184
1.99357539415
1.94663241506
1.9860701263
2.09229469299
2.15861991048
2.04410851002
2.05002367496
2.03700736165
2.11144521832
2.03262656927
2.26184502244
2.29432374239
2.17548161745
2.18977734447
2.2613273561
2.21032008529
2.25630044937
2.2588609159
2.30641171336
2.27981314063
2.32208058238
2.27607876062
2.22510710359
2.32028797269
2.29100033641
2.328440696
2.37549066544
2.40026801825
2.39074110985
2.38715067506
2.36879110336
2.39479973912
2.44770109653
2.43538439274
2.35660120845
2.44787067175
2.37208917737
2.53588885069
2.52915859222
2.49373748899
2.37909212708
2.55160480738
2.41188406944
2.62230813503
2.55185678601
2.58628293872
2.64495149255
2.68295764923
2.85106852651
2.77887329459
2.7726238966
2.63886198401
2.7643185854
2.98085197806
3.04278597236
3.12818348408
3.02187219262
2.97297388315
3.01772326231
2.98144862056
3.10703843832
3.16245615482
3.1472158432
3.24170321226
3.1384524703
3.144736588
3.04100766778
3.15844684839
3.17216709256
3.23842525482
2.8741762042
2.87205249071
3.09058889747
2.89298996329
3.00809040666
3.34055885673
2.98305124044
3.20683553815
3.04201170802
2.92203381658
3.04610639811
3.178139925
3.12641426921
2.98742011189
3.09853583574
3.1790907681
3.24526026845
3.13545659184
3.181925565
2.97089844942
3.3110204339
3.04613411427
3.29779148102
3.1741476059
3.28277081251
3.21131452918
3.25006961823
3.1747739017
3.2379680872
3.13567847013
3.3302821219
3.51216882467
3.42596322298
3.417057693
3.40754061937
3.46890881658
3.50548997521
3.55733290315
3.56880173087
3.59150379896
3.59254464507
3.59635323286
3.77547726035
3.69274958968
3.88340562582
3.5210300982
3.67000102997
3.52763056755
3.78049686551
2.85343885422
2.25389942527
2.23080396652
2.31867104769
2.22559735179
2.25780159235
2.43045911193
2.49304696918
2.46311023831
2.4572712183
2.56940633059
2.43601486087
2.52283722162
2.59665548801
2.5213855505
2.4101896584
2.66500815749
2.64322936535
2.58861094713
2.51985788345
2.69267573953
2.62809202075
2.75849297643
2.74286031723
2.70503386855
2.86134272814
2.65488401055
2.85962477326
2.96756625175
2.71724358201
2.81775161624
2.76691496372
2.84805059433
2.85189643502
2.86959588528
2.93299049139
2.93412670493
2.98638150096
3.00853326917
5.29226586223
5.30321866274
5.23496061563
5.30303493142
5.43316021562
5.42294025421
5.28996840119
5.38327217102
5.52720561624
5.54556310177
5.54333120584
5.5192039907
5.59091180563
5.62043428421
5.64889788628
5.64752027392
5.61121210456
5.5919007957
5.58364838362
5.58854609728
5.71123197675
5.70473611355
5.73528602719
5.80065324903
5.86831256747
5.6027521193
5.91616466641
6.10788553953
5.84974214435
5.80355793238
5.9260854125
5.95240011811
5.9026171267
6.05480149388
6.01551696658
5.99707052112
5.98083481193
6.05096563697
6.21273040771
6.15311056376
6.11292749643
6.26871883869
6.3141708076
6.2547186017
6.28738671541
6.2902495265
6.33706882596
6.36570394039
6.4619576931
6.45111948252
6.47890254855
6.46947667003
6.51057109237
6.54038593173
6.56519755721
6.50881409645
6.54819741845
6.68017193675
6.6057240963
6.71382978559
6.6842623055
6.67723312974
6.69341489673
6.85408815742
6.89023852348
7.08129703999
6.9042545557
6.94451212883
6.95364743471
7.00669705868
6.98186397552
6.99984505773
7.04947501421
7.19477429986
7.15227842331
7.2874327004
7.23883286119
7.27619722486
7.26115450263
7.23512932658
7.27582886815
7.269538939
7.29426667094
7.351257056
7.29386925697
7.30722263455
7.33612135053
7.26782217622
7.42911875248
7.38484844565
7.3062852025
7.25254669785
7.43171215057
7.34736770391
7.1589794755
7.26963162422
7.28081539273
7.25720465183
7.19671279192
7.17999920249
7.21485733986
7.06554532051
7.20472380519
7.24370151758
7.25159049034
7.11725369096
7.17057481408
7.14025244117
7.15313583612
7.10261553526
7.09441587329
7.09213659167
7.09685057402
7.08981156349
7.0920202136
7.07166016102
7.05229505897
7.08684906363
7.00907766819
7.0411336422
7.05931439996
7.03009173274
6.98293089867
7.05872893333
7.04363942146
7.02647417784
7.02090501785
7.00942218304
7.02129915357
7.04117700458
7.03019216657
7.00657889247
7.01074182987
6.9857288897
6.96812868118
6.99852108955
6.99714139104
6.99465617537
6.95802807808
6.95898741484
6.98367595673
6.93303614855
6.91152721643
6.92556127906
6.9239525497
6.94370523095
6.90658807755
6.87519326806
6.89125746489
6.87366217375
6.87407046556
6.82838648558
6.90184995532
6.8155105412
6.7072121799
6.61955237389
6.65398314595
6.70752927661
6.85078114271
7.38607764244
7.40354761481
7.54706054926
7.49438509345
7.62310355902
7.61911228299
7.62437641621
7.58975178003
7.6784516871
7.67959803343
7.6833859086
7.65179187059
7.73231238127
7.63587027788
7.5844052434
7.18881562352
7.02810749412
6.70457169414
6.90127432346
6.89986437559
6.86015158892
6.92069917917
7.04604640603
7.44769006968
7.54691854119
7.80866667628
7.932356745
7.9370868206
8.00835192204
8.04055094719
7.97892704606
8.01844760776
8.06643337011
8.10047760606
8.07928234339
8.02205175161
8.06245535612
8.05951148272
8.07281121612
8.12214016914
8.1037850678
8.12933504581
8.17203342915
8.12039241195
8.17981302738
8.06985527277
8.19399178028
8.27651172876
8.2535970211
8.21812421083
8.33124473691
8.34487035871
8.34760263562
8.45086455345
8.50195363164
8.460393399
8.36623057723
8.47671076655
8.51457983255
8.48271250725
8.50814700127
8.58927682042
8.56165573001
8.56866642833
8.60449463129
8.60546827316
8.57594534755
8.58583346009
8.65719303489
8.60402211547
8.60784098506
8.6944489181
8.64264979959
8.62565860152
8.62222895026
8.60776111484
8.55518981814
8.58609706163
8.602193892
8.65734562278
8.56850191951
8.6058332026
8.57805386186
8.56558531523
8.57202425599
8.50471839309
8.48671123385
8.54125440121
8.45755934715
8.52997660637
8.57475072145
8.57933655381
8.45621213317
8.5467505455
8.64092633128
8.63152191043
8.61389636993
8.7156611681
8.57389450073
8.61815080047
8.62628936768
8.54447051883
8.52368623018
8.50044220686
8.60327884555
8.5843269527
8.63246157765
8.52234005928
8.43874171376
8.38600903749
8.43000143766
8.37352573872
8.47573012114
8.44293683767
8.37577298284
8.22656810284
8.32696825266
8.23461011052
8.0993796885
8.08072596788
7.98851922154
7.85293072462
8.05894389749
8.02092179656
8.05556222796
7.8644323349
7.88629502058
7.92470887303
7.74471104145
7.95906558633
7.83143877983
7.62990832329
7.5047673285
7.71454513073
7.62711346149
7.48804420233
7.52273872495
7.42046564817
7.31681734324
7.18683555722
7.20340773463
7.01034367085
6.9147670269
6.86342775822
6.63225650787
6.58089965582
6.48447290063
6.38988107443
6.41006991267
6.20948150754
6.02370068431
6.03109136224
5.87429821491
5.79352751374
5.73140218854
5.75864046812
5.7289493084
5.66895574331
6.39876976609
7.29501843452
7.1577988565
7.18054130673
7.08013623953
7.1339763701
6.86846002936
6.48858010769
6.2574981153
6.38327807188
6.16525501013
6.11218288541
6.05234473944
6.12834259868
5.99427685142
5.6356240809
5.56385934353
5.50342336297
5.49553245306
5.4949003458
5.48817008734
5.69841489196
5.68702921271
5.6303049624
5.51148667932
5.53089395165
5.50823956728
5.52004352212
5.52025452256
5.50568833947
5.4961591959
5.47573074698
5.47913238406
5.47926753759
5.42923480272
5.42381465435
5.41966840625
5.39634630084
5.40908128023
5.40925145149
5.40830105543
5.38360789418
5.37950545549
2.26444527507
2.20846831799
2.13911995292
2.07106217742
2.09219574928
2.12734669447
2.08611279726
2.12279751897
2.05509886146
1.94102928042
1.90923795104
1.89282998443
1.89441949129
1.93231403828
1.82034656405
1.82208925486
1.83684229851
1.79347395897
1.78223416209
1.72279700637
1.72789394855
1.6508756578
1.63548707962
1.64182662964
1.57253086567
1.56013637781
1.55590876937
1.5166413784
1.58035933971
1.52237817645
1.52574703097
1.47706121206
1.46746039391
1.44929736853
1.45621299744
1.42123699188
1.42861008644
1.43055319786
1.41390562057
1.40632838011
1.38635337353
1.37514770031
1.37069523335
1.36033147573
1.33118778467
1.35300755501
1.35451257229
1.30193829536
1.30204111338
1.2943148613
1.28975212574
1.26146525145
1.26126557589
1.25523209572
1.22882127762
1.21657550335
1.23722851276
1.19982361794
1.23174935579
1.18960440159
1.17980241776
1.17048174143
1.16203576326
1.16089433432
1.1558637023
1.14998817444
1.16368830204
1.14823579788
1.14806443453
1.10210180283
1.13162696362
1.12887471914
1.12188458443
1.12489759922
1.11045539379
1.09202712774
1.10897421837
1.10508799553
1.11145377159
1.05363428593
1.10035985708
1.0959520936
1.09576582909
1.08118802309
1.07416659594
1.08200162649
1.10500156879
1.10560804605
1.05969309807
1.04740411043
1.08748525381
1.07310861349
1.0835558176
1.08484476805
1.10609084368
1.09514296055
1.06634795666
1.0829359293
1.07402801514
1.07806622982
1.08116567135
1.07891559601
1.09246224165
1.05720162392
1.04533433914
1.04631781578
1.08412653208
1.03617012501
1.08172148466
1.07212811708
1.07548832893
1.05366408825
1.04065388441
1.08073949814
1.03923082352
1.07019245625
1.01696550846
1.00736171007
1.05904191732
1.05088502169
1.02244913578
1.03631913662
1.00716799498
1.03122740984
1.02477371693
1.01787000895
1.01985186338
1.02809518576
1.0247990489
1.02529674768
1.01175904274
1.04582905769
0.989685952663
1.01404488087
1.03110522032
1.02681964636
1.0275632143
1.020000875
1.00358128548
0.998114049435
1.01080536842
0.991022586823
1.02417618036
0.997692346573
0.982658565044
0.942207872868
0.999018549919
1.00512206554
0.984978675842
0.947742164135
0.997768342495
0.949910283089
0.966447591782
0.962321460247
0.964657962322
0.966295599937
0.979819893837
0.998087227345
0.957222282887
0.985157489777
0.948569178581
0.964356958866
0.96577256918
0.979290902615
0.918310880661
0.941620767117
0.935615599155
0.972202420235
0.95317363739
0.975415110588
0.928366184235
0.934511423111
0.915022194386
0.939454138279
0.963689386845
0.900535285473
0.920802354813
0.960223376751
0.969697535038
0.944815576077
0.945204496384
0.921754539013
0.964456796646
0.96437484026
0.941896438599
0.899700820446
0.932124257088
0.943969190121
0.932317972183
0.94838142395
0.943717360497
0.94540566206
0.946000218391
0.931909680367
0.9412586689
0.943903625011
0.94912648201
0.961589813232
0.923117995262
0.958865880966
0.963458418846
0.943702459335
0.946888327599
0.949807465076
0.949461758137
0.93357115984
0.967879593372
0.945435464382
0.933527946472
0.934198498726
1.77872359753
1.03502258658
1.02092251182
0.988891720772
0.983860343695
0.952145457268
0.95564648509
0.924468040466
0.90121999383
0.890647619963
0.873123854399
0.870252400637
0.829072296619
0.824078917503
0.78726708889
0.770509243011
0.769212841988
0.752076506615
0.739724934101
0.709480792284
0.698536634445
0.664766132832
0.662310421467
0.637815147638
0.598867237568
0.60525611043
0.579060614109
0.581352412701
0.544442236423
0.588116049767
0.579266250134
0.573836266994
0.562697649002
0.554442405701
0.555592775345
0.541433691978
0.531786680222
0.516812503338
0.535674393177
0.485165417194
0.507886707783
0.510734319687
0.493717193604
0.499880313873
0.492440164089
0.486743450165
0.477167963982
0.441515445709
0.453355908394
0.460514426231
0.445970892906
0.432507693768
0.44260174036
0.415174663067
0.404661893845
0.40018260479
0.396794080734
0.379151105881
0.387544929981
0.393678247929
0.385767221451
0.363950431347
0.371386110783
0.358183681965
0.367215275764
0.358521938324
0.342507660389
0.358521938324
0.341707468033
0.365705788136
0.352802872658
0.341139733791
0.358089804649
0.367215275764
0.335079431534
0.36503970623
0.353673100471
0.365023314953
0.364689528942
0.352802872658
0.334884226322
0.337845087051
0.359560549259
0.358089804649
0.351403653622
0.368839502335
0.361776351929
0.377425551414
0.335159897804
0.350667536259
0.352294743061
0.346717238426
0.368602573872
0.334623456001
0.347781181335
0.355383753777
0.346732139587
0.334623456001
0.361597537994
0.338551402092
0.366450846195
0.365705788136
0.358183681965
0.355383753777
0.363379716873
0.335159897804
0.355383753777
0.357204675674
0.362625718117
0.353673100471
0.341139733791
0.346811115742
0.363379716873
0.355383753777
0.354646146297
0.351519882679
0.357204675674
0.355383753777
0.355383753777
0.333033502102
0.355383753777
0.352266430855
0.371678173542
0.355383753777
0.349500775337
0.363379716873
0.351519882679
0.362119078636
0.351519882679
0.354500114918
0.355383753777
0.355383753777
0.355383753777
0.346678495407
0.367774069309
0.334884226322
0.355383753777
0.349077582359
0.355383753777
0.355383753777
0.355383753777
0.364689528942
0.357204675674
0.364419817924
0.371678173542
0.357204675674
0.367692112923
0.346732139587
0.346732139587
0.338912010193
0.358183681965
0.371678173542
0.344932079315
0.367175042629
0.357204675674
0.332225859165
0.358089804649
0.367774069309
0.355383753777
0.367175042629
0.363379716873
0.347781181335
0.367692112923
0.362625718117
0.355383753777
0.344946980476
0.355383753777
0.365705788136
0.355383753777
0.355383753777
0.355383753777
0.357204675674
0.355383753777
0.355383753777
0.370532274246
0.355383753777
0.355383753777
0.364419817924
0.334884226322
0.346717238426
0.355383753777
0.367774069309
0.357204675674
0.355383753777
0.367692112923
0.355383753777
0.363379716873
0.355383753777
0.344946980476
0.363379716873
0.355383753777
0.350095331669
0.361651182175
0.346717238426
0.363379716873
0.355383753777
0.355383753777
0.357204675674
0.355383753777
0.357204675674
0.347781181335
0.355383753777
0.357204675674
0.340539216995
0.355383753777
0.355383753777
0.357204675674
0.355383753777
0.355383753777
0.355383753777
0.332225859165
0.354716181755
0.355383753777
0.357204675674
0.355383753777
0.355383753777
0.355383753777
0.357204675674
0.363379716873
0.332225859165
0.357204675674
0.355383753777
0.335079431534
0.363379716873
0.354646146297
0.365023314953
0.355383753777
0.355383753777
0.357204675674
0.367692112923
0.357204675674
0.357204675674
0.357204675674
0.365023314953
0.352294743061
0.357204675674
0.346717238426
0.355383753777
0.355383753777
0.357204675674
0.355383753777
0.353673100471
0.355383753777
0.367692112923
0.334884226322
0.365023314953
0.357204675674
0.346811115742
0.355383753777
0.355383753777
0.357204675674
0.334884226322
0.367774069309
0.335079431534
0.370532274246
0.355383753777
0.355383753777
0.355383753777
0.355383753777
0.355383753777
0.355383753777
0.355383753777
0.336542725563
0.357204675674
0.355383753777
0.357204675674
0.363379716873
0.355383753777
0.355383753777
0.357204675674
0.355383753777
0.355383753777
0.355383753777
0.352294743061
0.354646146297
0.357204675674
0.333033502102
0.338912010193
0.355383753777
0.357204675674
0.352266430855
0.355383753777
0.347781181335
0.363379716873
0.355383753777
0.367692112923
0.352041423321
0.334623456001
0.335159897804
0.355383753777
0.334884226322
0.340539216995
0.357204675674
0.355383753777
0.355383753777
0.367175042629
0.357204675674
0.367692112923
0.349500775337
0.341139733791
0.357204675674
0.355383753777
0.363379716873
0.355383753777
0.355383753777
0.335079431534
0.354500114918
0.352802872658
0.355383753777
0.363379716873
0.334884226322
0.347781181335
0.355383753777
0.355383753777
0.357204675674
0.355383753777
0.355383753777
0.367175042629
0.357204675674
0.355383753777
0.334623456001
0.355383753777
0.357204675674
0.355383753777
0.352294743061
0.365705788136
0.357204675674
0.355383753777
0.352802872658
0.355383753777
0.357204675674
0.355383753777
0.357204675674
0.350321829319
0.354646146297
0.367175042629
0.365023314953
0.357204675674
0.371678173542
0.336542725563
0.357204675674
0.367692112923
0.341139733791
0.357204675674
0.355383753777
0.351646542549
0.357204675674
0.357204675674
0.362119078636
0.357204675674
0.357204675674
0.357204675674
0.358183681965
0.346717238426
0.357204675674
0.367692112923
0.335079431534
0.363379716873
0.352802872658
0.357204675674
0.346811115742
0.367692112923
0.355383753777
0.365705788136
0.362625718117
0.357204675674
0.363379716873
0.364689528942
0.355383753777
0.357204675674
0.344932079315
0.364571809769
0.346732139587
0.355383753777
0.355383753777
0.357204675674
0.367692112923
0.357204675674
0.360225141048
0.367215275764
0.351646542549
0.357204675674
0.357204675674
0.351519882679
0.357204675674
0.340539216995
0.371678173542
0.334884226322
0.363379716873
0.357204675674
0.332225859165
0.355383753777
0.347781181335
0.357204675674
0.350667536259
0.357204675674
0.357204675674
0.358183681965
0.362625718117
0.357204675674
0.367692112923
0.357204675674
0.355383753777
0.357204675674
0.361651182175
0.365705788136
0.355383753777
0.365023314953
0.352266430855
0.352802872658
0.350667536259
0.353673100471
0.367175042629
0.357204675674
0.347781181335
0.353673100471
0.355383753777
0.341139733791
0.354500114918
0.357204675674
0.334884226322
0.357204675674
0.334884226322
0.357204675674
0.356011092663
0.349077582359
0.347165763378
0.332225859165
0.357204675674
0.365023314953
0.335159897804
0.357204675674
0.357204675674
0.354500114918
0.357204675674
0.335159897804
0.367692112923
0.357204675674
0.344932079315
0.335159897804
0.336542725563
0.357204675674
0.352802872658
0.357204675674
0.367692112923
0.357204675674
0.367692112923
0.358089804649
0.362119078636
0.367692112923
0.357204675674
0.334623456001
0.367692112923
0.367692112923
0.371678173542
0.364136695862
0.334884226322
0.352802872658
0.347781181335
0.367692112923
0.368602573872
0.357204675674
0.357204675674
0.344932079315
0.357204675674
0.367175042629
0.357204675674
0.357204675674
0.368602573872
0.367692112923
0.357204675674
0.367692112923
0.367774069309
0.357204675674
0.346717238426
0.355383753777
0.344946980476
0.352266430855
0.357204675674
0.357204675674
0.335159897804
0.357204675674
0.369830429554
0.366401672363
0.362625718117
0.347781181335
0.340539216995
0.366401672363
0.377425551414
0.353673100471
0.363379716873
0.335079431534
0.355383753777
0.357204675674
0.364689528942
0.352294743061
0.335159897804
0.344932079315
0.357204675674
0.357204675674
0.332225859165
0.362625718117
0.367692112923
0.334884226322
0.367692112923
0.352294743061
0.357204675674
0.352294743061
0.357204675674
0.368602573872
0.367692112923
0.357204675674
0.357204675674
0.357204675674
0.352802872658
0.346717238426
0.367692112923
0.367692112923
0.367692112923
0.350667536259
0.357204675674
0.335159897804
0.357204675674
0.354646146297
0.368602573872
0.357204675674
0.331093370914
0.357204675674
0.355383753777
0.355383753777
0.355383753777
0.352294743061
0.357204675674
0.355383753777
0.36503970623
0.365705788136
0.355383753777
0.357204675674
0.357204675674
0.355383753777
0.355383753777
0.357204675674
0.338912010193
0.350667536259
0.355383753777
0.355383753777
0.355383753777
0.357204675674
0.367692112923
0.340539216995
0.355383753777
0.355383753777
0.355383753777
0.351519882679
0.355383753777
0.355383753777
0.358183681965
0.357204675674
0.347165763378
0.367692112923
0.355383753777
0.368602573872
0.355383753777
0.352802872658
0.346717238426
0.357204675674
0.357204675674
0.370581448078
0.352041423321
0.355383753777
0.358410179615
0.364689528942
0.352041423321
0.350667536259
0.346678495407
0.355383753777
0.352041423321
0.357204675674
0.357204675674
0.37384480238
0.362119078636
0.346717238426
0.344946980476
0.352041423321
0.346678495407
0.338912010193
0.352041423321
0.352041423321
0.346811115742
0.352041423321
0.347781181335
0.357204675674
0.334884226322
0.36199092865
0.341063737869
0.367215275764
0.333033502102
0.354646146297
0.355383753777
0.355383753777
0.365705788136
0.355383753777
0.355383753777
0.357204675674
0.355383753777
0.352041423321
0.355383753777
0.350667536259
0.347781181335
0.357204675674
0.357204675674
0.352041423321
0.353673100471
0.353673100471
0.357204675674
0.363379716873
0.335079431534
0.344932079315
0.368839502335
0.363379716873
0.357204675674
0.332225859165
0.365705788136
0.357204675674
0.367692112923
0.355383753777
0.352041423321
0.357204675674
0.357204675674
0.355383753777
0.355383753777
0.357204675674
0.367692112923
0.357204675674
0.355383753777
0.351804494858
0.355383753777
0.361651182175
0.355383753777
0.355383753777
0.350321829319
0.352041423321
0.357204675674
0.364689528942
0.371678173542
0.346240401268
0.363379716873
0.367692112923
0.371678173542
0.357204675674
0.357204675674
0.352802872658
0.347781181335
0.351573526859
0.357040762901
0.355383753777
0.367692112923
0.357204675674
0.352266430855
0.350667536259
0.358410179615
0.357204675674
0.363379716873
0.352802872658
0.344946980476
0.352041423321
0.357204675674
0.357204675674
0.335079431534
0.364419817924
0.333033502102
0.336542725563
0.352802872658
0.341063737869
0.367692112923
0.357204675674
0.361651182175
0.355383753777
0.367215275764
0.357204675674
0.352041423321
0.347165763378
0.346410274506
0.347781181335
0.358089804649
0.357204675674
0.357204675674
0.354646146297
0.340539216995
0.344946980476
0.367692112923
0.334623456001
0.351573526859
0.355383753777
0.351519882679
0.355383753777
0.341139733791
0.347781181335
0.355383753777
0.349500775337
0.364419817924
0.333033502102
0.355383753777
0.368839502335
0.365023314953
0.352041423321
0.352041423321
0.362119078636
0.367692112923
0.344932079315
0.351573526859
0.352266430855
0.355383753777
0.346240401268
0.346811115742
0.357204675674
0.344932079315
0.358089804649
0.351646542549
0.355383753777
0.352266430855
0.357204675674
0.332225859165
0.357204675674
0.352907180786
0.36503970623
0.355383753777
0.346717238426
0.367692112923
0.358410179615
0.36503970623
0.352802872658
0.368602573872
0.346717238426
0.348971784115
0.355383753777
0.358183681965
0.355383753777
0.355383753777
0.357204675674
0.346240401268
0.352041423321
0.352041423321
0.357204675674
0.346717238426
0.352041423321
0.346410274506
0.358089804649
0.352041423321
0.355383753777
0.362119078636
0.353673100471
0.351804494858
0.352041423321
0.355383753777
0.332225859165
0.367692112923
0.349500775337
0.357204675674
0.352266430855
0.352041423321
0.341804325581
0.351519882679
0.352041423321
0.355383753777
0.346240401268
0.355383753777
0.362625718117
0.355383753777
0.357204675674
0.352041423321
0.333033502102
0.357204675674
0.363379716873
0.362119078636
0.367692112923
0.357204675674
0.352041423321
0.352802872658
0.357204675674
0.364689528942
0.336542725563
0.344932079315
0.365705788136
0.355383753777
0.365023314953
0.367692112923
0.355383753777
0.344932079315
0.355383753777
0.352802872658
0.352802872658
0.346717238426
0.357204675674
0.357204675674
0.355383753777
0.352041423321
0.357204675674
0.347781181335
0.361651182175
0.355383753777
0.357204675674
0.377425551414
0.352041423321
0.344932079315
0.36503970623
0.352802872658
0.352041423321
0.367692112923
0.369830429554
0.355383753777
0.357204675674
0.352802872658
0.341139733791
0.334884226322
0.334623456001
0.341804325581
0.362119078636
0.352041423321
0.355383753777
0.355383753777
0.352041423321
0.367692112923
0.355383753777
0.355383753777
0.355383753777
0.357204675674
0.357204675674
0.355383753777
0.370821356773
0.357204675674
0.377425551414
0.354500114918
0.347781181335
0.355383753777
0.333033502102
0.352266430855
0.357204675674
0.352041423321
0.352266430855
0.352294743061
0.357204675674
0.352266430855
0.332225859165
0.363379716873
0.355383753777
0.363379716873
0.367774069309
0.355383753777
0.355383753777
0.353673100471
0.357204675674
0.341139733791
0.355383753777
0.357204675674
0.36645680666
0.346410274506
0.355383753777
0.357204675674
0.367692112923
0.363379716873
0.364689528942
0.334884226322
0.357204675674
0.355383753777
0.352802872658
0.357204675674
0.352041423321
0.355383753777
0.355383753777
0.355383753777
0.358089804649
0.341063737869
0.334884226322
0.357204675674
0.363379716873
0.355383753777
0.355383753777
0.36693662405
0.364689528942
0.355383753777
0.355383753777
0.344932079315
0.355383753777
0.335159897804
0.354646146297
0.355383753777
0.364689528942
0.355383753777
0.358183681965
0.358089804649
0.367215275764
0.365705788136
0.357204675674
0.351646542549
0.355383753777
0.362625718117
0.354646146297
0.367692112923
0.355383753777
0.377425551414
0.344946980476
0.367692112923
0.366450846195
0.357204675674
0.352802872658
0.367692112923
0.336542725563
0.340539216995
0.357204675674
0.355383753777
0.352041423321
0.355383753777
0.367692112923
0.355383753777
0.355383753777
0.357204675674
0.352041423321
0.355383753777
0.357204675674
0.358089804649
0.355383753777
0.343725085258
0.334623456001
0.334884226322
0.357204675674
0.352041423321
0.357204675674
0.355383753777
0.362119078636
0.358183681965
0.357204675674
0.36693662405
0.355383753777
0.354646146297
0.357204675674
0.352041423321
0.341063737869
0.344932079315
0.357204675674
0.355383753777
0.362119078636
0.335159897804
0.354716181755
0.355383753777
0.367692112923
0.357204675674
0.335159897804
0.353673100471
0.371678173542
0.355383753777
0.352041423321
0.346717238426
0.334884226322
0.365023314953
0.355383753777
0.357204675674
0.359587371349
0.371532142162
0.332225859165
0.335079431534
0.357204675674
0.352041423321
0.334884226322
0.334884226322
0.355383753777
0.357204675674
0.357204675674
0.352041423321
0.355383753777
0.355383753777
0.348341464996
0.355383753777
0.355383753777
0.36503970623
0.363379716873
0.352041423321
0.355383753777
0.354646146297
0.352041423321
0.355383753777
0.359560549259
0.335079431534
0.355383753777
0.352041423321
0.367692112923
0.352041423321
0.352041423321
0.357204675674
0.357204675674
0.354646146297
0.352041423321
0.344946980476
0.369830429554
0.341139733791
0.355383753777
0.362119078636
0.355383753777
0.350667536259
0.357204675674
0.346717238426
0.355383753777
0.355383753777
0.367692112923
0.357204675674
0.355383753777
0.357204675674
0.341804325581
0.352041423321
0.352266430855
0.367692112923
0.336542725563
0.333033502102
0.357204675674
0.347781181335
0.368602573872
0.355383753777
0.343725085258
0.365705788136
0.359560549259
0.335079431534
0.357204675674
0.350667536259
0.354646146297
0.355383753777
0.341139733791
0.346717238426
0.351573526859
0.359560549259
0.353673100471
0.352266430855
0.352294743061
0.347165763378
0.362625718117
0.334623456001
0.341804325581
0.357204675674
0.355383753777
0.355383753777
0.367692112923
0.357204675674
0.355383753777
0.363379716873
0.367692112923
0.368839502335
0.334884226322
0.352802872658
0.351519882679
0.352041423321
0.355383753777
0.338912010193
0.37384480238
0.362119078636
0.341139733791
0.347781181335
0.363379716873
0.341804325581
0.357204675674
0.364689528942
0.354716181755
0.344946980476
0.339250266552
0.352041423321
0.363379716873
0.344932079315
0.357204675674
0.352041423321
0.357204675674
0.364689528942
0.357204675674
0.368839502335
0.335159897804
0.361651182175
0.355383753777
0.347781181335
0.357204675674
0.367692112923
0.352041423321
0.355383753777
0.352294743061
0.355383753777
0.341139733791
0.335159897804
0.355383753777
0.335079431534
0.36645680666
0.333033502102
0.367692112923
0.355383753777
0.365705788136
0.346240401268
0.334884226322
0.36503970623
0.357204675674
0.335329771042
0.355383753777
0.36503970623
0.364689528942
0.363379716873
0.355383753777
0.352294743061
0.354646146297
0.355383753777
0.355383753777
0.346678495407
0.353673100471
0.355383753777
0.36503970623
0.346240401268
0.367692112923
0.352041423321
0.358183681965
0.362625718117
0.357204675674
0.352266430855
0.368839502335
0.352041423321
0.355383753777
0.344946980476
0.355383753777
0.355383753777
0.344932079315
0.370581448078
0.357204675674
0.355383753777
0.352802872658
0.347781181335
0.352041423321
0.352041423321
0.358410179615
0.355383753777
0.362625718117
0.351403653622
0.367692112923
0.355383753777
0.355383753777
0.336542725563
0.346717238426
0.355383753777
0.352041423321
0.351519882679
0.361651182175
0.352041423321
0.357204675674
0.338912010193
0.370532274246
0.355383753777
0.340539216995
0.365023314953
0.352041423321
0.357204675674
0.334623456001
0.361651182175
0.355383753777
0.350321829319
0.368602573872
0.35735219717
0.346717238426
0.350321829319
0.341804325581
0.350667536259
0.341139733791
0.332225859165
0.334884226322
0.355383753777
0.370821356773
0.349500775337
0.352041423321
0.355383753777
0.336542725563
0.357204675674
0.355383753777
0.357204675674
0.355383753777
0.355383753777
0.357204675674
0.352802872658
0.364689528942
0.367692112923
0.357204675674
0.340539216995
0.364689528942
0.352041423321
0.36503970623
0.354945659637
0.332225859165
0.355383753777
0.344946980476
0.355383753777
0.335159897804
0.357204675674
0.341139733791
0.344932079315
0.357204675674
0.355383753777
0.343725085258
0.354646146297
0.343725085258
0.355383753777
0.355383753777
0.355383753777
0.364419817924
0.367175042629
0.355383753777
0.355383753777
0.350667536259
0.341804325581
0.355383753777
0.370821356773
0.355383753777
0.344946980476
0.357204675674
0.367692112923
0.355383753777
0.347781181335
0.365023314953
0.357204675674
0.368602573872
0.357204675674
0.352802872658
0.357204675674
0.344932079315
0.355383753777
0.367692112923
0.358183681965
0.355383753777
0.346410274506
0.335159897804
0.364689528942
0.357204675674
0.347781181335
0.355383753777
0.355383753777
0.352802872658
0.367692112923
0.368975102901
0.352266430855
0.357204675674
0.357204675674
0.349500775337
0.357204675674
0.357204675674
0.355383753777
0.363379716873
0.367692112923
0.357204675674
0.354716181755
0.352041423321
0.357204675674
0.355383753777
0.349761545658
0.368602573872
0.357204675674
0.355383753777
0.352266430855
0.335079431534
0.334884226322
0.355383753777
0.364689528942
0.357204675674
0.355383753777
0.347165763378
0.357204675674
0.367692112923
0.355383753777
0.352041423321
0.350667536259
0.357204675674
0.357204675674
0.357204675674
0.367692112923
0.350667536259
0.36503970623
0.364419817924
0.357204675674
0.352041423321
0.363379716873
0.363379716873
0.357204675674
0.357204675674
0.346811115742
0.367692112923
0.366401672363
0.355383753777
0.362625718117
0.357204675674
0.357204675674
0.367175042629
0.371678173542
0.355383753777
0.355383753777
0.358183681965
0.350667536259
0.355383753777
0.355383753777
0.357204675674
0.370821356773
0.352041423321
0.355383753777
0.334884226322
0.352041423321
0.355383753777
0.363379716873
0.347781181335
0.357204675674
0.367692112923
0.357204675674
0.355383753777
0.352041423321
0.355383753777
0.335159897804
0.358611345291
0.367692112923
0.362119078636
0.352041423321
0.355383753777
0.355383753777
0.355383753777
0.355383753777
0.347839295864
0.346717238426
0.335079431534
0.335159897804
0.367692112923
0.340539216995
0.371822714806
0.351646542549
0.367724895477
0.365494191647
0.330200791359
0.346240401268
0.361764431
0.372256338596
0.346811115742
0.370581448078
0.346717238426
0.332225859165
0.353673100471
0.333033502102
0.359039008617
0.335159897804
0.346240401268
0.333642959595
0.361651182175
0.334884226322
0.329528748989
0.358089804649
0.350667536259
0.357204675674
0.354646146297
0.368602573872
0.341139733791
0.346811115742
0.36503970623
0.346417725086
0.351418554783
0.353673100471
0.330480933189
0.352546572685
0.347165763378
0.333033502102
0.358183681965
0.351646542549
0.358183681965
0.352041423321
0.352041423321
0.355383753777
0.336542725563
0.352802872658
0.335159897804
0.335159897804
0.346240401268
0.350321829319
0.357204675674
0.336542725563
0.336542725563
0.367692112923
0.355383753777
0.346240401268
0.357204675674
0.357204675674
0.343725085258
0.336542725563
0.364689528942
0.351519882679
0.367215275764
0.334884226322
0.355383753777
0.355383753777
0.362119078636
0.355383753777
0.355383753777
0.352041423321
0.352266430855
0.358611345291
0.355383753777
0.346240401268
0.355383753777
0.355383753777
0.335159897804
0.351646542549
0.367692112923
0.368602573872
0.352041423321
0.344946980476
0.355383753777
0.355383753777
0.352041423321
0.362119078636
0.352802872658
0.352041423321
0.361651182175
0.344946980476
0.354646146297
0.332225859165
0.352041423321
0.333033502102
0.334884226322
0.340539216995
0.346410274506
0.353673100471
0.352041423321
0.361651182175
0.357204675674
0.352802872658
0.354500114918
0.334884226322
0.352802872658
0.355383753777
0.363379716873
0.355383753777
0.355383753777
0.352266430855
0.355383753777
0.357204675674
0.352294743061
0.352041423321
0.332225859165
0.350321829319
0.355383753777
0.367692112923
0.344946980476
0.355383753777
0.355383753777
0.355383753777
0.355383753777
0.355383753777
0.352041423321
0.355383753777
0.355383753777
0.336542725563
0.355383753777
0.355383753777
0.357204675674
0.352041423321
0.352041423321
0.355383753777
0.344932079315
0.363379716873
0.346678495407
0.355383753777
0.355383753777
0.352041423321
0.352802872658
0.352041423321
0.355383753777
0.350667536259
0.335159897804
0.371678173542
0.341063737869
0.367692112923
0.362625718117
0.344932079315
0.341804325581
0.357204675674
0.359798967838
0.350667536259
0.355383753777
0.371678173542
0.370581448078
0.365705788136
0.346732139587
0.364571809769
0.364419817924
0.358183681965
0.367215275764
0.365023314953
0.363379716873
0.361651182175
0.352041423321
0.355383753777
0.368602573872
0.352041423321
0.352041423321
0.333033502102
0.352041423321
0.352041423321
0.364419817924
0.352041423321
0.352041423321
0.344932079315
0.332225859165
0.355383753777
0.352041423321
0.368602573872
0.358183681965
0.352041423321
0.355383753777
0.355383753777
0.362625718117
0.349500775337
0.367692112923
0.332225859165
0.355383753777
0.344215333462
0.361651182175
0.355383753777
0.355383753777
0.352294743061
0.352041423321
0.352041423321
0.351519882679
0.355383753777
0.352041423321
0.343725085258
0.359266996384
0.336542725563
0.355383753777
0.352041423321
0.367774069309
0.350667536259
0.355383753777
0.355383753777
0.355383753777
0.352041423321
0.366450846195
0.361651182175
0.362625718117
0.355383753777
0.377425551414
0.352546572685
0.346732139587
0.365023314953
0.352041423321
0.355383753777
0.357204675674
0.357204675674
0.349761545658
0.336542725563
0.351519882679
0.349500775337
0.355383753777
0.355383753777
0.332225859165
0.355383753777
0.352041423321
0.364419817924
0.346240401268
0.363379716873
0.355383753777
0.362625718117
0.341139733791
0.367692112923
0.341139733791
0.352041423321
0.355383753777
0.332225859165
0.355383753777
0.355383753777
0.355383753777
0.364419817924
0.361651182175
0.357204675674
0.352802872658
0.355383753777
0.352041423321
0.357204675674
0.355383753777
0.352041423321
0.355383753777
0.352041423321
0.355383753777
0.355383753777
0.364689528942
0.355383753777
0.346717238426
0.346410274506
0.352266430855
0.341063737869
0.357204675674
0.367774069309
0.335159897804
0.355383753777
0.355383753777
0.347781181335
0.355383753777
0.355383753777
0.355383753777
0.355383753777
0.355383753777
0.357204675674
0.354500114918
0.352041423321
0.351519882679
0.355383753777
0.347781181335
0.351519882679
0.355383753777
0.352041423321
0.36606490612
0.369606912136
0.364571809769
0.349029898643
0.332225859165
0.346717238426
0.336542725563
0.36503970623
0.357204675674
0.343403220177
0.346678495407
0.349761545658
0.355383753777
0.346410274506
0.335159897804
0.364689528942
0.332225859165
0.334884226322
0.350667536259
0.370821356773
0.349020957947
0.355383753777
0.364571809769
0.365494191647
0.371739268303
0.334623456001
0.346811115742
0.341707468033
0.346240401268
0.354500114918
0.367774069309
0.351519882679
0.377425551414
0.362625718117
0.358089804649
0.349500775337
0.367215275764
0.333033502102
0.352294743061
0.358246266842
0.35437643528
0.35222619772
0.333155691624
0.368431210518
0.371739268303
0.362625718117
0.367774069309
0.346678495407
0.353673100471
0.37394464016
0.345459580421
0.349761545658
0.366450846195
0.331093370914
0.359563529491
0.342978537083
0.368839502335
0.364571809769
0.352294743061
0.357204675674
0.366401672363
0.357204675674
0.365023314953
0.355383753777
0.351573526859
0.367692112923
0.365023314953
0.367215275764
0.359798967838
0.356794893742
0.368839502335
0.368975102901
0.368975102901
0.357204675674
0.334884226322
0.352041423321
0.36645680666
0.357204675674
0.352041423321
0.352041423321
0.37384480238
0.36403387785
0.346811115742
0.357204675674
0.346811115742
0.355383753777
0.363379716873
0.355383753777
0.352802872658
0.338912010193
0.334623456001
0.358089804649
0.367215275764
0.351573526859
0.359798967838
0.346678495407
0.334884226322
0.352041423321
0.346717238426
0.330786406994
0.377425551414
0.359517335892
0.345262885094
0.367994606495
0.358521938324
0.367565453053
0.363379716873
0.341139733791
0.352294743061
0.333033502102
0.365705788136
0.357247889042
0.352218747139
0.363291800022
0.352266430855
0.366401672363
0.350445508957
0.367215275764
0.377425551414
0.329096615314
0.334884226322
0.377425551414
0.335159897804
0.332225859165
0.377425551414
0.36137253046
0.350321829319
0.357204675674
0.368602573872
0.357204675674
0.36503970623
0.364419817924
0.344932079315
0.354646146297
0.347781181335
0.355383753777
0.352041423321
0.330585241318
0.371678173542
0.361597537994
0.346732139587
0.349995493889
0.346678495407
0.358183681965
0.358183681965
0.334623456001
0.351804494858
0.357204675674
0.351519882679
0.352802872658
0.352041423321
0.358410179615
0.371678173542
0.333033502102
0.363576412201
0.357204675674
0.335079431534
0.352802872658
0.351424515247
0.341804325581
0.357247889042
0.361271202564
0.346732139587
0.362119078636
0.364571809769
0.346811115742
0.362625718117
0.350281596184
0.357204675674
0.334884226322
0.367215275764
0.349761545658
0.362119078636
0.357204675674
0.364419817924
0.367692112923
0.350005924702
0.370532274246
0.335079431534
0.355383753777
0.371678173542
0.367692112923
0.335159897804
0.352294743061
0.341707468033
0.346732139587
0.352802872658
0.346717238426
0.355383753777
0.355383753777
0.334884226322
0.351519882679
0.348341464996
0.365023314953
0.368839502335
0.358183681965
0.367692112923
0.356011092663
0.367692112923
0.358183681965
0.368602573872
0.353673100471
0.361651182175
0.355383753777
0.355383753777
0.346732139587
0.349037349224
0.341063737869
0.346732139587
0.338912010193
0.355383753777
0.368839502335
0.352294743061
0.355383753777
0.355383753777
0.350321829319
0.355383753777
0.358183681965
0.355383753777
0.365705788136
0.334884226322
0.352041423321
0.358611345291
0.355383753777
0.355383753777
0.357204675674
0.335159897804
0.355383753777
0.352041423321
0.355383753777
0.355383753777
0.355383753777
0.352041423321
0.367692112923
0.355383753777
0.355383753777
0.355383753777
0.362119078636
0.37384480238
0.352266430855
0.352041423321
0.351646542549
0.346732139587
0.346732139587
0.352041423321
0.355383753777
0.341804325581
0.352041423321
0.365705788136
0.355383753777
0.355383753777
0.352041423321
0.357204675674
0.355383753777
0.334884226322
0.352802872658
0.352041423321
0.355383753777
0.335159897804
0.368602573872
0.372256338596
0.36645680666
0.363379716873
0.351646542549
0.351646542549
0.355383753777
0.357204675674
0.344946980476
0.368602573872
0.367692112923
0.36645680666
0.365023314953
0.341804325581
0.355383753777
0.341063737869
0.334884226322
0.332225859165
0.335159897804
0.357204675674
0.336542725563
0.342920422554
0.363896787167
0.361764431
0.372256338596
0.354500114918
0.355383753777
0.355383753777
0.355383753777
0.345447659492
0.344946980476
0.355383753777
0.355383753777
0.355383753777
0.362625718117
0.353673100471
0.368452072144
0.336542725563
0.367175042629
0.355383753777
0.355383753777
0.358410179615
0.346732139587
0.358246266842
0.364571809769
0.361169874668
0.358089804649
0.364689528942
0.353673100471
0.368839502335
0.334623456001
0.367692112923
0.354646146297
0.371739268303
0.368949770927
0.355383753777
0.355383753777
0.332225859165
0.358183681965
0.344932079315
0.352802872658
0.355383753777
0.36503970623
0.370581448078
0.333033502102
0.354500114918
0.349761545658
0.366401672363
0.367692112923
0.357204675674
0.346240401268
0.369682908058
0.357204675674
0.363379716873
0.352546572685
0.351573526859
0.369356572628
0.368839502335
0.338912010193
0.335159897804
0.352041423321
0.352294743061
0.338551402092
0.359798967838
0.351646542549
0.364419817924
0.362119078636
0.335159897804
0.355383753777
0.357204675674
0.367692112923
0.357204675674
0.332225859165
0.36503970623
0.355383753777
0.357204675674
0.352041423321
0.355383753777
0.344288349152
0.344932079315
0.329862535
0.346732139587
0.357204675674
0.370821356773
0.355383753777
0.36503970623
0.355383753777
0.344932079315
0.348971784115
0.352041423321
0.371678173542
0.335159897804
0.355383753777
0.355383753777
0.336542725563
0.357204675674
0.334623456001
0.364136695862
0.355383753777
0.332225859165
0.357204675674
0.362625718117
0.355383753777
0.352802872658
0.346717238426
0.355383753777
0.367774069309
0.346717238426
0.367692112923
0.355383753777
0.365023314953
0.333033502102
0.355383753777
0.357204675674
0.365023314953
0.352041423321
0.364419817924
0.366450846195
0.355383753777
0.341139733791
0.355383753777
0.367692112923
0.36645680666
0.346732139587
0.358246266842
0.341804325581
0.367692112923
0.357204675674
0.355383753777
0.355383753777
0.347781181335
0.352041423321
0.346717238426
0.332225859165
0.366450846195
0.355383753777
0.344946980476
0.355383753777
0.355383753777
0.355383753777
0.346717238426
0.355383753777
0.370532274246
0.355383753777
0.361938774586
0.351519882679
0.355383753777
0.355383753777
0.346717238426
0.362625718117
0.355383753777
0.355383753777
0.332225859165
0.362119078636
0.365705788136
0.355383753777
0.367692112923
0.355383753777
0.367175042629
0.355383753777
0.352041423321
0.355383753777
0.355383753777
0.352041423321
0.355383753777
0.355383753777
0.355383753777
0.355383753777
0.352802872658
0.334884226322
0.352041423321
0.361651182175
0.362119078636
0.334623456001
0.363379716873
0.352802872658
0.353673100471
0.333033502102
0.350667536259
0.358183681965
0.355383753777
0.341063737869
0.354500114918
0.355383753777
0.355383753777
0.364689528942
0.355383753777
0.331093370914
0.372256338596
0.365494191647
0.334623456001
0.365705788136
0.36503970623
0.371678173542
0.334623456001
0.346240401268
0.352802872658
0.352041423321
0.355383753777
0.355383753777
0.355383753777
0.354646146297
0.355383753777
0.352041423321
0.355383753777
0.355383753777
0.355383753777
0.355383753777
0.346410274506
0.343725085258
0.367692112923
0.344946980476
0.355383753777
0.355383753777
0.352041423321
0.355383753777
0.346717238426
0.334623456001
0.341707468033
0.358521938324
0.346678495407
0.355383753777
0.352041423321
0.355383753777
0.355383753777
0.355383753777
0.369830429554
0.352802872658
0.355383753777
0.355383753777
0.354500114918
0.355383753777
0.367692112923
0.352294743061
0.364689528942
0.364689528942
0.350321829319
0.335079431534
0.367692112923
0.355383753777
0.355383753777
0.352041423321
0.355383753777
0.355383753777
0.367692112923
0.355383753777
0.355383753777
0.355383753777
0.367215275764
0.352266430855
0.334884226322
0.352041423321
0.368431210518
0.346732139587
0.335159897804
0.353673100471
0.355383753777
0.364419817924
0.364689528942
0.377425551414
0.352041423321
0.334884226322
0.355383753777
0.352041423321
0.352041423321
0.355383753777
0.355383753777
0.355383753777
0.353673100471
0.365705788136
0.362625718117
0.352041423321
0.357204675674
0.355383753777
0.355383753777
0.362119078636
0.355383753777
0.367692112923
0.350667536259
0.346240401268
0.352041423321
0.355383753777
0.368602573872
0.347781181335
0.352266430855
0.355383753777
0.355383753777
0.357204675674
0.355383753777
0.363379716873
0.362506508827
0.368839502335
0.341139733791
0.357204675674
0.351646542549
0.370360910892
0.357204675674
0.368602573872
0.346732139587
0.358521938324
0.352546572685
0.351646542549
0.359560549259
0.355383753777
0.355383753777
0.367692112923
0.350667536259
0.357204675674
0.353673100471
0.357204675674
0.355383753777
0.335079431534
0.330585241318
0.355383753777
0.333033502102
0.357204675674
0.355383753777
0.357204675674
0.367175042629
0.355383753777
0.334884226322
0.355383753777
0.355383753777
0.355383753777
0.335079431534
0.346717238426
0.355383753777
0.355383753777
0.355383753777
0.336542725563
0.352041423321
0.346811115742
0.355383753777
0.355383753777
0.354646146297
0.352041423321
0.355383753777
0.352802872658
0.368975102901
0.352802872658
0.361651182175
0.363671779633
0.358246266842
0.352266430855
0.362119078636
0.351646542549
0.355383753777
0.352041423321
0.364689528942
0.377425551414
0.353673100471
0.336542725563
0.346717238426
0.355383753777
0.365023314953
0.355383753777
0.352041423321
0.355383753777
0.352802872658
0.355383753777
0.355383753777
0.352041423321
0.367692112923
0.355383753777
0.355383753777
0.355383753777
0.355383753777
0.346240401268
0.352802872658
0.353673100471
0.355383753777
0.355383753777
0.355383753777
0.365023314953
0.346732139587
0.371739268303
0.357204675674
0.371678173542
0.358183681965
0.351646542549
0.358183681965
0.355383753777
0.357204675674
0.368839502335
0.353673100471
0.347781181335
0.357204675674
0.352041423321
0.366401672363
0.351573526859
0.335079431534
0.367774069309
0.341804325581
0.333033502102
0.352802872658
0.368602573872
0.335159897804
0.354646146297
0.346732139587
0.351424515247
0.346811115742
0.358183681965
0.358183681965
0.355383753777
0.330786406994
0.352041423321
0.346717238426
0.363379716873
0.335159897804
0.355383753777
0.355383753777
0.367692112923
0.359560549259
0.357204675674
0.346717238426
0.355383753777
0.355383753777
0.352802872658
0.346240401268
0.363379716873
0.355383753777
0.355383753777
0.354646146297
0.352802872658
0.377425551414
0.344932079315
0.355383753777
0.336542725563
0.347781181335
0.357204675674
0.336542725563
0.368839502335
0.368839502335
0.367692112923
0.355383753777
0.363379716873
0.357204675674
0.352294743061
0.350667536259
0.350321829319
0.355383753777
0.355383753777
0.355383753777
0.346678495407
0.357204675674
0.355383753777
0.350667536259
0.332225859165
0.346717238426
0.368602573872
0.362119078636
0.361651182175
0.353673100471
0.362119078636
0.357204675674
0.355383753777
0.372256338596
0.341707468033
0.367215275764
0.358183681965
0.358183681965
0.358089804649
0.334884226322
0.357204675674
0.348190963268
0.365023314953
0.352802872658
0.359416007996
0.350667536259
0.36503970623
0.366401672363
0.352294743061
0.355383753777
0.355383753777
0.37384480238
0.368839502335
0.355383753777
0.352041423321
0.351519882679
0.352802872658
0.335159897804
0.344946980476
0.350321829319
0.368602573872
0.332225859165
0.355383753777
0.365023314953
0.357204675674
0.355383753777
0.355383753777
0.357204675674
0.353673100471
0.350175797939
0.367692112923
0.358183681965
0.350321829319
0.367692112923
0.352266430855
0.362625718117
0.367175042629
0.365705788136
0.334884226322
0.364689528942
0.350667536259
0.354646146297
0.355383753777
0.352802872658
0.335159897804
0.361271202564
0.361271202564
0.350321829319
0.359560549259
0.350321829319
0.363825261593
0.355383753777
0.343725085258
0.367692112923
0.352266430855
0.352802872658
0.353673100471
0.344932079315
0.352802872658
0.355383753777
0.354646146297
0.355383753777
0.367692112923
0.355383753777
0.352041423321
0.355383753777
0.355383753777
0.355383753777
0.352041423321
0.353673100471
0.364419817924
0.357204675674
0.354500114918
0.352802872658
0.355383753777
0.362119078636
0.368839502335
0.355383753777
0.357204675674
0.349761545658
0.364689528942
0.355383753777
0.362625718117
0.347781181335
0.357204675674
0.350667536259
0.354500114918
0.357204675674
0.354500114918
0.335079431534
0.354646146297
0.363379716873
0.336542725563
0.355383753777
0.355383753777
0.355383753777
0.350667536259
0.357204675674
0.355383753777
0.332225859165
0.357204675674
0.352041423321
0.367003679276
0.346732139587
0.36645680666
0.371678173542
0.367774069309
0.341139733791
0.361651182175
0.351646542549
0.352294743061
0.355383753777
0.352041423321
0.352802872658
0.341804325581
0.366401672363
0.357204675674
0.368431210518
0.346717238426
0.351424515247
0.339974462986
0.358521938324
0.333033502102
0.366401672363
0.358183681965
0.355383753777
0.358183681965
0.341139733791
0.350321829319
0.363379716873
0.355383753777
0.352041423321
0.354646146297
0.355383753777
0.335159897804
0.334884226322
0.334884226322
0.340539216995
0.350667536259
0.346240401268
0.36645680666
0.354099273682
0.330072641373
0.331093370914
0.368431210518
0.347781181335
0.346811115742
0.365023314953
0.362119078636
0.356794893742
0.372256338596
0.331093370914
0.371678173542
0.371678173542
0.355383753777
0.336542725563
0.367175042629
0.352294743061
0.345358252525
0.365705788136
0.347781181335
0.346717238426
0.365023314953
0.355456769466
0.368975102901
0.363379716873
0.350667536259
0.352041423321
0.368602573872
0.357204675674
0.364689528942
0.334884226322
0.368602573872
0.331093370914
0.335079431534
0.352802872658
0.363379716873
0.355383753777
0.355383753777
0.357204675674
0.344932079315
0.371079146862
0.359323620796
0.336542725563
0.338912010193
0.334884226322
0.347781181335
0.364419817924
0.365023314953
0.352041423321
0.335079431534
0.355383753777
0.355383753777
0.355383753777
0.354716181755
0.357204675674
0.364689528942
0.367774069309
0.355383753777
0.336542725563
0.354646146297
0.346717238426
0.355383753777
0.367692112923
0.346717238426
0.358089804649
0.351424515247
0.346732139587
0.334884226322
0.36645680666
0.355383753777
0.367175042629
0.352802872658
0.377425551414
0.368602573872
0.355383753777
0.355383753777
0.346717238426
0.357204675674
0.354646146297
0.355383753777
0.352294743061
0.355383753777
0.355383753777
0.364419817924
0.357204675674
0.335159897804
0.357204675674
0.355383753777
0.357204675674
0.336542725563
0.355383753777
0.347781181335
0.362625718117
0.364419817924
0.350667536259
0.334884226322
0.355383753777
0.351519882679
0.367692112923
0.344946980476
0.355383753777
0.355383753777
0.361651182175
0.357204675674
0.352802872658
0.357204675674
0.357204675674
0.357204675674
0.346732139587
0.346732139587
0.357204675674
0.358183681965
0.358183681965
0.368602573872
0.362625718117
0.367692112923
0.357204675674
0.357204675674
0.355383753777
0.357204675674
0.353020429611
0.336542725563
0.336542725563
0.335159897804
0.351573526859
0.355383753777
0.352802872658
0.350667536259
0.377425551414
0.358089804649
0.341804325581
0.341139733791
0.352041423321
0.355383753777
0.355383753777
0.352041423321
0.37384480238
0.351573526859
0.358183681965
0.365659594536
0.352802872658
0.355383753777
0.346717238426
0.355383753777
0.355383753777
0.352802872658
0.370821356773
0.37280023098
0.364419817924
0.352041423321
0.368602573872
0.369356572628
0.346732139587
0.352266430855
0.355383753777
0.355383753777
0.357204675674
0.355383753777
0.355383753777
0.334884226322
0.334884226322
0.355383753777
0.355383753777
0.357204675674
0.355383753777
0.355383753777
0.355383753777
0.352041423321
0.355383753777
0.355383753777
0.355383753777
0.355383753777
0.341139733791
0.357204675674
0.357204675674
0.335159897804
0.334884226322
0.332225859165
0.352041423321
0.355383753777
0.37384480238
0.355383753777
0.355383753777
0.367692112923
0.365023314953
0.355383753777
0.355383753777
0.354646146297
0.352802872658
0.334884226322
0.36503970623
0.341804325581
0.367692112923
0.358246266842
0.338912010193
0.350321829319
0.358089804649
0.334623456001
0.344014167786
0.36539286375
0.351424515247
0.358521938324
0.351646542549
0.340539216995
0.36503970623
0.346717238426
0.346240401268
0.346717238426
0.364689528942
0.344946980476
0.346811115742
0.335159897804
0.332225859165
0.353726744652
0.354646146297
0.336542725563
0.334884226322
0.352802872658
0.368839502335
0.361651182175
0.354646146297
0.367692112923
0.365023314953
0.377425551414
0.361651182175
0.350667536259
0.368602573872
0.335159897804
0.353673100471
0.358089804649
0.346732139587
0.355638563633
0.365705788136
0.371678173542
0.365705788136
0.346717238426
0.36758184433
0.367175042629
0.362625718117
0.353673100471
0.367774069309
0.367692112923
0.336542725563
0.346717238426
0.346717238426
0.355383753777
0.352802872658
0.346717238426
0.352041423321
0.355383753777
0.355383753777
0.37384480238
0.346717238426
0.350667536259
0.336542725563
0.377425551414
0.336542725563
0.365462899208
0.358521938324
0.365462899208
0.36503970623
0.333033502102
0.358183681965
0.350321829319
0.332225859165
0.362625718117
0.367692112923
0.347781181335
0.354500114918
0.341804325581
0.333033502102
0.358183681965
0.334884226322
0.366754829884
0.342507660389
0.352150201797
0.366401672363
0.367565453053
0.346417725086
0.370581448078
0.349500775337
0.346410274506
0.370581448078
0.371532142162
0.346811115742
0.362119078636
0.36503970623
0.364419817924
0.365705788136
0.365705788136
0.371532142162
0.333033502102
0.365705788136
0.350321829319
0.36915242672
0.362119078636
0.368949770927
0.367565453053
0.347548723221
0.347165763378
0.366450846195
0.340740382671
0.346678495407
0.352546572685
0.362119078636
0.351424515247
0.366450846195
0.351424515247
0.365555286407
0.368949770927
0.341063737869
0.36194473505
0.338551402092
0.329862535
0.35222619772
0.342507660389
0.365649163723
0.357204675674
0.352217257023
0.35957545042
0.355231761932
0.341804325581
0.349761545658
0.374786555767
0.352294743061
0.364689528942
0.371739268303
0.358410179615
0.377425551414
0.365023314953
0.353673100471
0.354500114918
0.371739268303
0.334623456001
0.341063737869
0.358089804649
0.364689528942
0.365023314953
0.351519882679
0.351646542549
0.370581448078
0.344932079315
0.358410179615
0.356766581535
0.364689528942
0.338509678841
0.352294743061
0.346678495407
0.362119078636
0.342507660389
0.339485704899
0.359798967838
0.366401672363
0.352266430855
0.348728895187
0.365705788136
0.365705788136
0.359053909779
0.365462899208
0.368839502335
0.370532274246
0.368975102901
0.341139733791
0.340539216995
0.340539216995
0.372609496117
0.333033502102
0.334623456001
0.368759036064
0.330200791359
0.347165763378
0.367215275764
0.359798967838
0.344537198544
0.370709598064
0.367215275764
0.36503970623
0.362119078636
0.333033502102
0.340539216995
0.366871058941
0.361764431
0.356794893742
0.331093370914
0.346410274506
0.370581448078
0.354500114918
0.356766581535
0.346356630325
0.351646542549
0.368839502335
0.338912010193
0.333033502102
0.350321829319
0.351646542549
0.362119078636
0.338912010193
0.333033502102
0.333033502102
0.368839502335
0.354500114918
0.368839502335
0.333033502102
0.367565453053
0.357247889042
0.349761545658
0.359560549259
0.352266430855
0.350321829319
0.36503970623
0.333033502102
0.346410274506
0.349500775337
0.359560549259
0.338912010193
0.362747907639
0.354500114918
0.358183681965
0.354500114918
0.351646542549
0.362119078636
0.367215275764
0.363758206367
0.354099273682
0.355638563633
0.338551402092
0.361597537994
0.358183681965
0.349500775337
0.351646542549
0.336542725563
0.36645680666
0.331464409828
0.358183681965
0.358183681965
0.352802872658
0.356011092663
0.352041423321
0.367692112923
0.355383753777
0.355383753777
0.352041423321
0.334884226322
0.355383753777
0.348341464996
0.355383753777
0.355383753777
0.352041423321
0.357204675674
0.352041423321
0.352546572685
0.346732139587
0.368431210518
0.371678173542
0.371678173542
0.371678173542
0.355383753777
0.367692112923
0.355383753777
0.334623456001
0.368602573872
0.352041423321
0.355383753777
0.352266430855
0.355383753777
0.355383753777
0.355383753777
0.355383753777
0.354646146297
0.37384480238
0.357204675674
0.357204675674
0.352041423321
0.355383753777
0.352041423321
0.367175042629
0.33702403307
0.355383753777
0.355383753777
0.357204675674
0.367215275764
0.357204675674
0.355383753777
0.355383753777
0.355383753777
0.37384480238
0.352041423321
0.355383753777
0.367692112923
0.355383753777
0.355383753777
0.355383753777
0.352041423321
0.355383753777
0.355383753777
0.355383753777
0.367774069309
0.37384480238
0.355383753777
0.346240401268
0.352041423321
0.355383753777
0.363379716873
0.354716181755
0.355383753777
0.352041423321
0.346732139587
0.341707468033
0.362625718117
0.355383753777
0.355383753777
0.355383753777
0.37384480238
0.355383753777
0.352041423321
0.365705788136
0.355383753777
0.338912010193
0.352041423321
0.352041423321
0.357204675674
0.355383753777
0.355383753777
0.354646146297
0.355383753777
0.355383753777
0.352041423321
0.346717238426
0.343725085258
0.355383753777
0.355383753777
0.354716181755
0.36693662405
0.355383753777
0.357204675674
0.355383753777
0.355383753777
0.346717238426
0.335079431534
0.351573526859
0.355383753777
0.352041423321
0.37384480238
0.355383753777
0.355383753777
0.352041423321
0.352041423321
0.347781181335
0.352041423321
0.352802872658
0.355383753777
0.352041423321
0.357204675674
0.355383753777
0.355383753777
0.357247889042
0.346732139587
0.340539216995
0.358183681965
0.371678173542
0.351646542549
0.358183681965
0.352041423321
0.355383753777
0.367175042629
0.364689528942
0.352041423321
0.355383753777
0.346678495407
0.355383753777
0.355383753777
0.355383753777
0.355383753777
0.355383753777
0.355383753777
0.352041423321
0.355383753777
0.352041423321
0.355383753777
0.352041423321
0.352041423321
0.355383753777
0.355383753777
0.367692112923
0.355383753777
0.352041423321
0.352041423321
0.37384480238
0.353673100471
0.352041423321
0.352041423321
0.352041423321
0.355383753777
0.352294743061
0.352041423321
0.355383753777
0.341063737869
0.348971784115
0.355383753777
0.352041423321
0.355383753777
0.355383753777
0.354646146297
0.352041423321
0.352802872658
0.355383753777
0.352041423321
0.334884226322
0.333033502102
0.352041423321
0.354716181755
0.357204675674
0.352041423321
0.362119078636
0.344932079315
0.355383753777
0.357204675674
0.350667536259
0.357204675674
0.355383753777
0.341139733791
0.352802872658
0.355383753777
0.355383753777
0.349500775337
0.351519882679
0.352041423321
0.355383753777
0.355383753777
0.341063737869
0.352041423321
0.335079431534
0.367175042629
0.359734892845
0.355383753777
0.355383753777
0.353673100471
0.355383753777
0.358089804649
0.364689528942
0.355383753777
0.355383753777
0.341139733791
0.357204675674
0.355383753777
0.346717238426
0.359734892845
0.355383753777
0.344932079315
0.355383753777
0.352041423321
0.352041423321
0.355383753777
0.355383753777
0.355383753777
0.332225859165
0.355383753777
0.355383753777
0.350207090378
0.361651182175
0.352041423321
0.362625718117
0.368839502335
0.357204675674
0.375716388226
0.355383753777
0.355383753777
0.350667536259
0.352041423321
0.352041423321
0.37384480238
0.352041423321
0.355383753777
0.357204675674
0.351646542549
0.358183681965
0.357204675674
0.369830429554
0.367692112923
0.357204675674
0.355383753777
0.346732139587
0.346732139587
0.366401672363
0.358183681965
0.358183681965
0.357204675674
0.355383753777
0.334884226322
0.357204675674
0.355383753777
0.355383753777
0.357204675674
0.355383753777
0.355383753777
0.348341464996
0.357204675674
0.352294743061
0.355383753777
0.369830429554
0.355383753777
0.355383753777
0.357204675674
0.355383753777
0.368839502335
0.370821356773
0.357204675674
0.341004133224
0.355383753777
0.355383753777
0.355383753777
0.355383753777
0.357204675674
0.357204675674
0.352041423321
0.334884226322
0.357204675674
0.355383753777
0.377425551414
0.344946980476
0.367774069309
0.352802872658
0.336542725563
0.331093370914
0.341804325581
0.355383753777
0.355383753777
0.367692112923
0.355383753777
0.355383753777
0.357204675674
0.363379716873
0.359560549259
0.357204675674
0.355383753777
0.355383753777
0.355383753777
0.355383753777
0.357204675674
0.368602573872
0.357204675674
0.357204675674
0.357204675674
0.355383753777
0.357204675674
0.348341464996
0.367692112923
0.352802872658
0.357204675674
0.352802872658
0.367774069309
0.363379716873
0.357204675674
0.355383753777
0.367692112923
0.351519882679
0.355383753777
0.355383753777
0.355383753777
0.348341464996
0.355383753777
0.355383753777
0.362145900726
0.37384480238
0.355383753777
0.355383753777
0.357204675674
0.355383753777
0.352041423321
0.352802872658
0.357204675674
0.365246832371
0.332225859165
0.346732139587
0.346732139587
0.334884226322
0.355383753777
0.357204675674
0.355383753777
0.357204675674
0.355383753777
0.368839502335
0.367692112923
0.355383753777
0.341139733791
0.352294743061
0.355383753777
0.369830429554
0.357204675674
0.355383753777
0.354646146297
0.355383753777
0.357204675674
0.355383753777
0.357204675674
0.357204675674
0.355383753777
0.357204675674
0.355383753777
0.355383753777
0.355383753777
0.341804325581
0.353673100471
0.362119078636
0.355383753777
0.340539216995
0.363379716873
0.355383753777
0.357204675674
0.352266430855
0.355383753777
0.367774069309
0.361651182175
0.352041423321
0.36503970623
0.355383753777
0.355383753777
0.355383753777
0.355383753777
0.365659594536
0.357204675674
0.355383753777
0.357204675674
0.343725085258
0.362625718117
0.357204675674
0.357204675674
0.356011092663
0.330200791359
0.365462899208
0.36503970623
0.371678173542
0.358183681965
0.336542725563
0.357204675674
0.357204675674
0.355383753777
0.352802872658
0.355383753777
0.357204675674
0.355383753777
0.364841520786
0.355383753777
0.369830429554
0.334884226322
0.352802872658
0.367774069309
0.357204675674
0.355383753777
0.357204675674
0.357204675674
0.355383753777
0.357204675674
0.354945659637
0.355383753777
0.353673100471
0.335079431534
0.355383753777
0.350667536259
0.355383753777
0.346678495407
0.334884226322
0.357204675674
0.346717238426
0.355383753777
0.37384480238
0.355383753777
0.355383753777
0.355383753777
0.332225859165
0.357204675674
0.357204675674
0.355383753777
0.355383753777
0.350667536259
0.37384480238
0.367692112923
0.346717238426
0.357204675674
0.355383753777
0.361765921116
0.355383753777
0.355383753777
0.367692112923
0.357204675674
0.355383753777
0.355383753777
0.37384480238
0.355383753777
0.355383753777
0.355383753777
0.354500114918
0.355383753777
0.357204675674
0.357204675674
0.357204675674
0.362625718117
0.377425551414
0.335159897804
0.355383753777
0.365023314953
0.357204675674
0.367175042629
0.335079431534
0.352041423321
0.352041423321
0.357204675674
0.332225859165
0.355383753777
0.36693662405
0.347781181335
0.362119078636
0.352041423321
0.346811115742
0.341139733791
0.358183681965
0.352041423321
0.355383753777
0.355383753777
0.352041423321
0.338912010193
0.348737835884
0.352266430855
0.355383753777
0.347781181335
0.346410274506
0.357204675674
0.356011092663
0.364689528942
0.352041423321
0.355383753777
0.332225859165
0.352041423321
0.362625718117
0.356011092663
0.364689528942
0.355383753777
0.357204675674
0.365705788136
0.355383753777
0.352041423321
0.357204675674
0.357204675674
0.37384480238
0.36693662405
0.350667536259
0.357204675674
0.355383753777
0.37384480238
0.357204675674
0.352041423321
0.355383753777
0.355383753777
0.358089804649
0.355383753777
0.36693662405
0.356011092663
0.352041423321
0.37384480238
0.364689528942
0.367692112923
0.352041423321
0.37384480238
0.355383753777
0.355383753777
0.352041423321
0.341804325581
0.37384480238
0.355383753777
0.37384480238
0.357204675674
0.352041423321
0.352041423321
0.357204675674
0.367692112923
0.36693662405
0.355383753777
0.357204675674
0.352294743061
0.352041423321
0.355383753777
0.367692112923
0.334884226322
0.352041423321
0.335159897804
0.355383753777
0.352041423321
0.365023314953
0.37384480238
0.352041423321
0.352041423321
0.357204675674
0.352041423321
0.354716181755
0.357204675674
0.355383753777
0.37384480238
0.366450846195
0.357204675674
0.368529558182
0.352041423321
0.332225859165
0.353673100471
0.352041423321
0.335159897804
0.357204675674
0.346717238426
0.352041423321
0.357204675674
0.361651182175
0.355383753777
0.368975102901
0.357204675674
0.346717238426
0.357204675674
0.357204675674
0.346240401268
0.352041423321
0.352266430855
0.358183681965
0.357204675674
0.352041423321
0.355383753777
0.352294743061
0.355383753777
0.355383753777
0.335079431534
0.355383753777
0.333033502102
0.36693662405
0.355383753777
0.352041423321
0.366745889187
0.358410179615
0.349077582359
0.352041423321
0.352041423321
0.349009037018
0.355383753777
0.352041423321
0.346717238426
0.365023314953
0.352041423321
0.355383753777
0.365023314953
0.348971784115
0.352041423321
0.347781181335
0.363379716873
0.355383753777
0.341063737869
0.347781181335
0.355383753777
0.355383753777
0.367692112923
0.369830429554
0.367692112923
0.352041423321
0.355383753777
0.367692112923
0.352041423321
0.357204675674
0.349077582359
0.365705788136
0.352041423321
0.352802872658
0.352266430855
0.352041423321
0.369830429554
0.352802872658
0.352802872658
0.355383753777
0.365023314953
0.359560549259
0.352041423321
0.352041423321
0.335079431534
0.355383753777
0.352294743061
0.367692112923
0.332225859165
0.352266430855
0.357204675674
0.365705788136
0.365023314953
0.355383753777
0.37384480238
0.352802872658
0.352041423321
0.357204675674
0.357204675674
0.355383753777
0.352041423321
0.367692112923
0.363379716873
0.352041423321
0.357204675674
0.355383753777
0.352041423321
0.352041423321
0.357204675674
0.357204675674
0.377425551414
0.347165763378
0.357204675674
0.341139733791
0.352041423321
0.356011092663
0.357204675674
0.352041423321
0.352041423321
0.368602573872
0.341804325581
0.355383753777
0.336542725563
0.338912010193
0.370532274246
0.336542725563
0.357204675674
0.352041423321
0.362625718117
0.350667536259
0.357204675674
0.363379716873
0.355383753777
0.357204675674
0.341063737869
0.332225859165
0.357204675674
0.367692112923
0.352041423321
0.352041423321
0.355383753777
0.352041423321
0.363379716873
0.357204675674
0.355383753777
0.352041423321
0.355383753777
0.357204675674
0.357204675674
0.355383753777
0.357204675674
0.357204675674
0.347165763378
0.351519882679
0.355383753777
0.342507660389
0.358521938324
0.365462899208
0.355383753777
0.355383753777
0.332225859165
0.335159897804
0.338912010193
0.357204675674
0.354500114918
0.354500114918
0.357204675674
0.355383753777
0.352041423321
0.355383753777
0.330072641373
0.355383753777
0.355383753777
0.357204675674
0.357204675674
0.37384480238
0.355383753777
0.362625718117
0.37384480238
0.334623456001
0.368839502335
0.357204675674
0.352041423321
0.355383753777
0.356011092663
0.355383753777
0.355383753777
0.334884226322
0.357204675674
0.355383753777
0.352041423321
0.350667536259
0.352041423321
0.352041423321
0.355383753777
0.357204675674
0.352041423321
0.349761545658
0.367692112923
0.352041423321
0.352266430855
0.357204675674
0.367692112923
0.367774069309
0.367692112923
0.332225859165
0.352041423321
0.342157483101
0.334884226322
0.357204675674
0.364419817924
0.36503970623
0.355383753777
0.352041423321
0.352041423321
0.371678173542
0.367692112923
0.350667536259
0.346410274506
0.357204675674
0.357204675674
0.366401672363
0.346811115742
0.361651182175
0.355383753777
0.357204675674
0.357204675674
0.348341464996
0.352041423321
0.367692112923
0.357204675674
0.36693662405
0.37384480238
0.364689528942
0.346717238426
0.335159897804
0.368602573872
0.368812680244
0.352041423321
0.349500775337
0.347781181335
0.37384480238
0.366745889187
0.367692112923
0.336542725563
0.352041423321
0.352041423321
0.346717238426
0.37384480238
0.37384480238
0.369830429554
0.355383753777
0.355383753777
0.352041423321
0.362625718117
0.355383753777
0.355383753777
0.357204675674
0.334884226322
0.352041423321
0.355383753777
0.336542725563
0.359560549259
0.352041423321
0.357204675674
0.367774069309
0.365023314953
0.352041423321
0.362119078636
0.367215275764
0.37384480238
0.357204675674
0.357204675674
0.352041423321
0.352041423321
0.352802872658
0.365023314953
0.352041423321
0.370581448078
0.369830429554
0.352041423321
0.352041423321
0.367692112923
0.357204675674
0.355383753777
0.355383753777
0.36645680666
0.352041423321
0.355383753777
0.369830429554
0.346717238426
0.371678173542
0.355383753777
0.338912010193
0.352041423321
0.357204675674
0.346811115742
0.355383753777
0.37384480238
0.37384480238
0.349009037018
0.355383753777
0.355383753777
0.367692112923
0.369830429554
0.354716181755
0.354646146297
0.367774069309
0.355383753777
0.355383753777
0.357204675674
0.352802872658
0.332225859165
0.355383753777
0.367692112923
0.357204675674
0.355383753777
0.355383753777
0.369830429554
0.355383753777
0.352041423321
0.350321829319
0.367692112923
0.349077582359
0.335159897804
0.357204675674
0.357204675674
0.361651182175
0.357204675674
0.362119078636
0.354716181755
0.355383753777
0.334884226322
0.352041423321
0.352041423321
0.338912010193
0.335159897804
0.364419817924
0.355383753777
0.357204675674
0.366327166557
0.36693662405
0.349009037018
0.357204675674
0.354646146297
0.355383753777
0.357204675674
0.352041423321
0.352041423321
0.357204675674
0.355383753777
0.346811115742
0.352802872658
0.352802872658
0.355383753777
0.352266430855
0.367175042629
0.367692112923
0.370532274246
0.354646146297
0.357204675674
0.359560549259
0.355383753777
0.355383753777
0.363209843636
0.351646542549
0.357204675674
0.357204675674
0.355383753777
0.352041423321
0.347781181335
0.357204675674
0.352041423321
0.356011092663
0.357204675674
0.356583297253
0.352041423321
0.357204675674
0.346717238426
0.355383753777
0.334884226322
0.357204675674
0.355383753777
0.352041423321
0.335079431534
0.356011092663
0.355383753777
0.355383753777
0.369830429554
0.355383753777
0.352802872658
0.334884226322
0.330786406994
0.346717238426
0.354945659637
0.349009037018
0.352802872658
0.352294743061
0.355383753777
0.357204675674
0.357204675674
0.365579128265
0.357204675674
0.350321829319
0.355383753777
0.370581448078
0.357204675674
0.358089804649
0.352041423321
0.377425551414
0.352041423321
0.367774069309
0.363379716873
0.367692112923
0.355383753777
0.352041423321
0.37384480238
0.357204675674
0.352041423321
0.355383753777
0.350321829319
0.359560549259
0.352041423321
0.355383753777
0.367692112923
0.355383753777
0.36693662405
0.347781181335
0.361651182175
0.357204675674
0.357204675674
0.357204675674
0.355383753777
0.352041423321
0.367692112923
0.357204675674
0.352041423321
0.358410179615
0.335159897804
0.355383753777
0.352041423321
0.350321829319
0.348971784115
0.352041423321
0.341139733791
0.377425551414
0.366450846195
0.355383753777
0.363379716873
0.348804891109
0.352041423321
0.344946980476
0.351646542549
0.352041423321
0.37384480238
0.332225859165
0.355383753777
0.348056852818
0.368975102901
0.367692112923
0.352041423321
0.352041423321
0.357204675674
0.357204675674
0.355383753777
0.356011092663
0.367774069309
0.355383753777
0.352041423321
0.349077582359
0.352802872658
0.352041423321
0.334884226322
0.367774069309
0.352041423321
0.355383753777
0.346811115742
0.355383753777
0.355383753777
0.357204675674
0.357204675674
0.367175042629
0.355383753777
0.367692112923
0.350667536259
0.364419817924
0.352802872658
0.359815359116
0.355383753777
0.355383753777
0.357204675674
0.365705788136
0.352041423321
0.37384480238
0.357204675674
0.355383753777
0.355383753777
0.355383753777
0.361651182175
0.355383753777
0.355383753777
0.352802872658
0.334884226322
0.355383753777
0.357204675674
0.363379716873
0.352041423321
0.357204675674
0.357204675674
0.352041423321
0.37384480238
0.369830429554
0.367692112923
0.355383753777
0.344215333462
0.355383753777
0.352041423321
0.372511148453
0.355383753777
0.352041423321
0.352041423321
0.363379716873
0.357204675674
0.371678173542
0.357204675674
0.338912010193
0.352802872658
0.363379716873
0.366450846195
0.357204675674
0.351573526859
0.341139733791
0.348341464996
0.356011092663
0.37384480238
0.346717238426
0.357204675674
0.355383753777
0.355383753777
0.357204675674
0.377425551414
0.336542725563
0.334884226322
0.346717238426
0.350667536259
0.368839502335
0.353673100471
0.357204675674
0.350667536259
0.362625718117
0.369830429554
0.352041423321
0.335079431534
0.355383753777
0.368602573872
0.355383753777
0.370581448078
0.347781181335
0.352041423321
0.352041423321
0.346678495407
0.367692112923
0.343725085258
0.352041423321
0.369830429554
0.355383753777
0.363379716873
0.359560549259
0.367692112923
0.352041423321
0.32961666584
0.367692112923
0.357204675674
0.352802872658
0.355383753777
0.367692112923
0.355383753777
0.355383753777
0.363379716873
